2023-12-08 00:08:27.357 [info] Log level: Info
2023-12-08 00:08:27.357 [info] Validating found git in: "git"
2023-12-08 00:08:27.357 [info] Using git "2.39.2" from "git"
2023-12-08 00:08:27.357 [info] > git rev-parse --show-toplevel [17ms]
2023-12-08 00:08:27.357 [info] fatal: not a git repository (or any parent up to mount point /)
Stopping at filesystem boundary (GIT_DISCOVERY_ACROSS_FILESYSTEM not set).
2023-12-08 00:08:27.357 [info] > git rev-parse --show-toplevel [15ms]
2023-12-08 00:08:27.357 [info] fatal: not a git repository (or any parent up to mount point /)
Stopping at filesystem boundary (GIT_DISCOVERY_ACROSS_FILESYSTEM not set).
2023-12-08 00:08:27.357 [info] > git rev-parse --show-toplevel [54ms]
2023-12-08 00:08:27.357 [info] fatal: not a git repository (or any parent up to mount point /)
Stopping at filesystem boundary (GIT_DISCOVERY_ACROSS_FILESYSTEM not set).
2023-12-08 00:08:27.357 [info] > git rev-parse --show-toplevel [19ms]
2023-12-08 00:08:27.357 [info] fatal: not a git repository (or any parent up to mount point /)
Stopping at filesystem boundary (GIT_DISCOVERY_ACROSS_FILESYSTEM not set).
2023-12-08 00:08:27.357 [info] > git rev-parse --show-toplevel [42ms]
2023-12-08 00:08:27.357 [info] fatal: not a git repository (or any parent up to mount point /)
Stopping at filesystem boundary (GIT_DISCOVERY_ACROSS_FILESYSTEM not set).
2023-12-08 00:08:27.357 [info] > git rev-parse --show-toplevel [34ms]
2023-12-08 00:08:27.357 [info] fatal: not a git repository (or any parent up to mount point /)
Stopping at filesystem boundary (GIT_DISCOVERY_ACROSS_FILESYSTEM not set).
2023-12-08 00:08:27.357 [info] > git rev-parse --show-toplevel [18ms]
2023-12-08 00:08:27.357 [info] fatal: not a git repository (or any parent up to mount point /)
Stopping at filesystem boundary (GIT_DISCOVERY_ACROSS_FILESYSTEM not set).
2023-12-08 00:08:27.357 [info] > git rev-parse --show-toplevel [273ms]
2023-12-08 00:08:27.357 [info] fatal: not a git repository (or any parent up to mount point /)
Stopping at filesystem boundary (GIT_DISCOVERY_ACROSS_FILESYSTEM not set).
2023-12-08 00:08:27.477 [info] > git rev-parse --show-toplevel [121ms]
2023-12-08 00:08:27.477 [info] fatal: not a git repository (or any parent up to mount point /)
Stopping at filesystem boundary (GIT_DISCOVERY_ACROSS_FILESYSTEM not set).
2023-12-08 00:08:27.502 [info] > git rev-parse --show-toplevel [14ms]
2023-12-08 00:08:27.502 [info] fatal: not a git repository (or any parent up to mount point /)
Stopping at filesystem boundary (GIT_DISCOVERY_ACROSS_FILESYSTEM not set).
2023-12-08 00:08:27.693 [info] > git rev-parse --show-toplevel [128ms]
2023-12-08 00:08:27.693 [info] fatal: not a git repository (or any parent up to mount point /)
Stopping at filesystem boundary (GIT_DISCOVERY_ACROSS_FILESYSTEM not set).
2023-12-08 00:08:27.737 [info] > git rev-parse --show-toplevel [21ms]
2023-12-08 00:08:27.737 [info] fatal: not a git repository (or any parent up to mount point /)
Stopping at filesystem boundary (GIT_DISCOVERY_ACROSS_FILESYSTEM not set).
2023-12-08 00:08:27.801 [info] > git rev-parse --show-toplevel [23ms]
2023-12-08 00:08:27.801 [info] fatal: not a git repository (or any parent up to mount point /)
Stopping at filesystem boundary (GIT_DISCOVERY_ACROSS_FILESYSTEM not set).
2023-12-08 00:08:39.551 [info] > git rev-parse --show-toplevel [5ms]
2023-12-08 00:08:39.551 [info] fatal: not a git repository (or any parent up to mount point /)
Stopping at filesystem boundary (GIT_DISCOVERY_ACROSS_FILESYSTEM not set).
2023-12-08 00:08:39.567 [info] > git rev-parse --show-toplevel [4ms]
2023-12-08 00:08:39.567 [info] fatal: not a git repository (or any parent up to mount point /)
Stopping at filesystem boundary (GIT_DISCOVERY_ACROSS_FILESYSTEM not set).
2023-12-08 00:08:39.595 [info] > git rev-parse --show-toplevel [15ms]
2023-12-08 00:08:39.595 [info] fatal: not a git repository (or any parent up to mount point /)
Stopping at filesystem boundary (GIT_DISCOVERY_ACROSS_FILESYSTEM not set).
2023-12-08 00:08:42.433 [info] > git rev-parse --show-toplevel [6ms]
2023-12-08 00:08:42.433 [info] fatal: not a git repository (or any parent up to mount point /)
Stopping at filesystem boundary (GIT_DISCOVERY_ACROSS_FILESYSTEM not set).
2023-12-08 00:08:42.450 [info] > git rev-parse --show-toplevel [4ms]
2023-12-08 00:08:42.450 [info] fatal: not a git repository (or any parent up to mount point /)
Stopping at filesystem boundary (GIT_DISCOVERY_ACROSS_FILESYSTEM not set).
2023-12-08 00:08:52.290 [info] > git rev-parse --show-toplevel [8ms]
2023-12-08 00:08:52.290 [info] fatal: not a git repository (or any parent up to mount point /)
Stopping at filesystem boundary (GIT_DISCOVERY_ACROSS_FILESYSTEM not set).
2023-12-08 00:08:55.731 [info] > git rev-parse --show-toplevel [31ms]
2023-12-08 00:08:55.731 [info] fatal: not a git repository (or any parent up to mount point /)
Stopping at filesystem boundary (GIT_DISCOVERY_ACROSS_FILESYSTEM not set).
