2023-12-13 06:02:24.673 [info] Log level: Info
2023-12-13 06:02:24.673 [info] Validating found git in: "git"
2023-12-13 06:02:24.673 [info] Using git "2.39.2" from "git"
2023-12-13 06:02:24.673 [info] > git rev-parse --show-toplevel [71ms]
2023-12-13 06:02:24.673 [info] fatal: not a git repository (or any parent up to mount point /)
Stopping at filesystem boundary (GIT_DISCOVERY_ACROSS_FILESYSTEM not set).
2023-12-13 06:02:24.673 [info] > git rev-parse --show-toplevel [31ms]
2023-12-13 06:02:24.673 [info] fatal: not a git repository (or any parent up to mount point /)
Stopping at filesystem boundary (GIT_DISCOVERY_ACROSS_FILESYSTEM not set).
2023-12-13 06:02:24.673 [info] > git rev-parse --show-toplevel [20ms]
2023-12-13 06:02:24.673 [info] fatal: not a git repository (or any parent up to mount point /)
Stopping at filesystem boundary (GIT_DISCOVERY_ACROSS_FILESYSTEM not set).
2023-12-13 06:02:24.673 [info] > git rev-parse --show-toplevel [102ms]
2023-12-13 06:02:24.673 [info] fatal: not a git repository (or any parent up to mount point /)
Stopping at filesystem boundary (GIT_DISCOVERY_ACROSS_FILESYSTEM not set).
2023-12-13 06:02:24.673 [info] > git rev-parse --show-toplevel [72ms]
2023-12-13 06:02:24.673 [info] fatal: not a git repository (or any parent up to mount point /)
Stopping at filesystem boundary (GIT_DISCOVERY_ACROSS_FILESYSTEM not set).
2023-12-13 06:02:24.673 [info] > git rev-parse --show-toplevel [145ms]
2023-12-13 06:02:24.673 [info] fatal: not a git repository (or any parent up to mount point /)
Stopping at filesystem boundary (GIT_DISCOVERY_ACROSS_FILESYSTEM not set).
2023-12-13 06:02:24.673 [info] > git rev-parse --show-toplevel [116ms]
2023-12-13 06:02:24.673 [info] fatal: not a git repository (or any parent up to mount point /)
Stopping at filesystem boundary (GIT_DISCOVERY_ACROSS_FILESYSTEM not set).
2023-12-13 06:02:24.673 [info] > git rev-parse --show-toplevel [78ms]
2023-12-13 06:02:24.673 [info] fatal: not a git repository (or any parent up to mount point /)
Stopping at filesystem boundary (GIT_DISCOVERY_ACROSS_FILESYSTEM not set).
2023-12-13 06:02:24.673 [info] > git rev-parse --show-toplevel [19ms]
2023-12-13 06:02:24.673 [info] fatal: not a git repository (or any parent up to mount point /)
Stopping at filesystem boundary (GIT_DISCOVERY_ACROSS_FILESYSTEM not set).
2023-12-13 06:02:24.673 [info] > git rev-parse --show-toplevel [88ms]
2023-12-13 06:02:24.673 [info] fatal: not a git repository (or any parent up to mount point /)
Stopping at filesystem boundary (GIT_DISCOVERY_ACROSS_FILESYSTEM not set).
2023-12-13 06:02:24.673 [info] > git rev-parse --show-toplevel [58ms]
2023-12-13 06:02:24.673 [info] fatal: not a git repository (or any parent up to mount point /)
Stopping at filesystem boundary (GIT_DISCOVERY_ACROSS_FILESYSTEM not set).
2023-12-13 06:02:24.673 [info] > git rev-parse --show-toplevel [31ms]
2023-12-13 06:02:24.673 [info] fatal: not a git repository (or any parent up to mount point /)
Stopping at filesystem boundary (GIT_DISCOVERY_ACROSS_FILESYSTEM not set).
2023-12-13 06:02:24.685 [info] > git rev-parse --show-toplevel [14ms]
2023-12-13 06:02:24.685 [info] fatal: not a git repository (or any parent up to mount point /)
Stopping at filesystem boundary (GIT_DISCOVERY_ACROSS_FILESYSTEM not set).
2023-12-13 06:02:24.809 [info] > git rev-parse --show-toplevel [46ms]
2023-12-13 06:02:24.809 [info] fatal: not a git repository (or any parent up to mount point /)
Stopping at filesystem boundary (GIT_DISCOVERY_ACROSS_FILESYSTEM not set).
2023-12-13 06:02:24.932 [info] > git rev-parse --show-toplevel [58ms]
2023-12-13 06:02:24.932 [info] fatal: not a git repository (or any parent up to mount point /)
Stopping at filesystem boundary (GIT_DISCOVERY_ACROSS_FILESYSTEM not set).
