2023-12-07 23:48:03.115 [info] Log level: Info
2023-12-07 23:48:03.115 [info] Validating found git in: "git"
2023-12-07 23:48:03.115 [info] Using git "2.39.2" from "git"
2023-12-07 23:48:03.115 [info] > git rev-parse --show-toplevel [112ms]
2023-12-07 23:48:03.115 [info] fatal: not a git repository (or any parent up to mount point /)
Stopping at filesystem boundary (GIT_DISCOVERY_ACROSS_FILESYSTEM not set).
2023-12-07 23:48:03.115 [info] > git rev-parse --show-toplevel [99ms]
2023-12-07 23:48:03.115 [info] fatal: not a git repository (or any parent up to mount point /)
Stopping at filesystem boundary (GIT_DISCOVERY_ACROSS_FILESYSTEM not set).
2023-12-07 23:48:03.115 [info] > git rev-parse --show-toplevel [37ms]
2023-12-07 23:48:03.115 [info] fatal: not a git repository (or any parent up to mount point /)
Stopping at filesystem boundary (GIT_DISCOVERY_ACROSS_FILESYSTEM not set).
2023-12-07 23:48:03.153 [info] > git rev-parse --show-toplevel [55ms]
2023-12-07 23:48:03.153 [info] fatal: not a git repository (or any parent up to mount point /)
Stopping at filesystem boundary (GIT_DISCOVERY_ACROSS_FILESYSTEM not set).
2023-12-07 23:48:03.153 [info] > git rev-parse --show-toplevel [67ms]
2023-12-07 23:48:03.153 [info] fatal: not a git repository (or any parent up to mount point /)
Stopping at filesystem boundary (GIT_DISCOVERY_ACROSS_FILESYSTEM not set).
2023-12-07 23:48:03.153 [info] > git rev-parse --show-toplevel [12ms]
2023-12-07 23:48:03.153 [info] fatal: not a git repository (or any parent up to mount point /)
Stopping at filesystem boundary (GIT_DISCOVERY_ACROSS_FILESYSTEM not set).
2023-12-07 23:48:03.153 [info] > git rev-parse --show-toplevel [38ms]
2023-12-07 23:48:03.153 [info] fatal: not a git repository (or any parent up to mount point /)
Stopping at filesystem boundary (GIT_DISCOVERY_ACROSS_FILESYSTEM not set).
2023-12-07 23:48:03.172 [info] > git rev-parse --show-toplevel [234ms]
2023-12-07 23:48:03.172 [info] fatal: not a git repository (or any parent up to mount point /)
Stopping at filesystem boundary (GIT_DISCOVERY_ACROSS_FILESYSTEM not set).
2023-12-07 23:48:03.250 [info] > git rev-parse --show-toplevel [54ms]
2023-12-07 23:48:03.250 [info] fatal: not a git repository (or any parent up to mount point /)
Stopping at filesystem boundary (GIT_DISCOVERY_ACROSS_FILESYSTEM not set).
2023-12-07 23:48:03.353 [info] > git rev-parse --show-toplevel [69ms]
2023-12-07 23:48:03.354 [info] fatal: not a git repository (or any parent up to mount point /)
Stopping at filesystem boundary (GIT_DISCOVERY_ACROSS_FILESYSTEM not set).
2023-12-07 23:48:03.421 [info] > git rev-parse --show-toplevel [24ms]
2023-12-07 23:48:03.422 [info] fatal: not a git repository (or any parent up to mount point /)
Stopping at filesystem boundary (GIT_DISCOVERY_ACROSS_FILESYSTEM not set).
2023-12-07 23:48:03.655 [info] > git rev-parse --show-toplevel [206ms]
2023-12-07 23:48:03.658 [info] fatal: not a git repository (or any parent up to mount point /)
Stopping at filesystem boundary (GIT_DISCOVERY_ACROSS_FILESYSTEM not set).
2023-12-07 23:48:03.747 [info] > git rev-parse --show-toplevel [16ms]
2023-12-07 23:48:03.747 [info] fatal: not a git repository (or any parent up to mount point /)
Stopping at filesystem boundary (GIT_DISCOVERY_ACROSS_FILESYSTEM not set).
2023-12-07 23:48:03.812 [info] > git rev-parse --show-toplevel [16ms]
2023-12-07 23:48:03.812 [info] fatal: not a git repository (or any parent up to mount point /)
Stopping at filesystem boundary (GIT_DISCOVERY_ACROSS_FILESYSTEM not set).
2023-12-07 23:50:19.562 [info] > git rev-parse --show-toplevel [17ms]
2023-12-07 23:50:19.563 [info] fatal: not a git repository (or any parent up to mount point /)
Stopping at filesystem boundary (GIT_DISCOVERY_ACROSS_FILESYSTEM not set).
2023-12-07 23:51:03.725 [info] > git rev-parse --show-toplevel [38ms]
2023-12-07 23:51:03.725 [info] fatal: not a git repository (or any parent up to mount point /)
Stopping at filesystem boundary (GIT_DISCOVERY_ACROSS_FILESYSTEM not set).
2023-12-07 23:51:14.982 [info] > git rev-parse --show-toplevel [19ms]
2023-12-07 23:51:14.982 [info] fatal: not a git repository (or any parent up to mount point /)
Stopping at filesystem boundary (GIT_DISCOVERY_ACROSS_FILESYSTEM not set).
2023-12-07 23:52:07.592 [info] > git rev-parse --show-toplevel [10ms]
2023-12-07 23:52:07.592 [info] fatal: not a git repository (or any parent up to mount point /)
Stopping at filesystem boundary (GIT_DISCOVERY_ACROSS_FILESYSTEM not set).
2023-12-07 23:52:13.437 [info] > git rev-parse --show-toplevel [7ms]
2023-12-07 23:52:13.437 [info] fatal: not a git repository (or any parent up to mount point /)
Stopping at filesystem boundary (GIT_DISCOVERY_ACROSS_FILESYSTEM not set).
2023-12-07 23:52:40.246 [info] > git rev-parse --show-toplevel [18ms]
2023-12-07 23:52:40.246 [info] fatal: not a git repository (or any parent up to mount point /)
Stopping at filesystem boundary (GIT_DISCOVERY_ACROSS_FILESYSTEM not set).
2023-12-07 23:53:42.523 [info] > git rev-parse --show-toplevel [18ms]
2023-12-07 23:53:42.523 [info] fatal: not a git repository (or any parent up to mount point /)
Stopping at filesystem boundary (GIT_DISCOVERY_ACROSS_FILESYSTEM not set).
2023-12-07 23:53:45.415 [info] > git rev-parse --show-toplevel [18ms]
2023-12-07 23:53:45.415 [info] fatal: not a git repository (or any parent up to mount point /)
Stopping at filesystem boundary (GIT_DISCOVERY_ACROSS_FILESYSTEM not set).
2023-12-07 23:53:50.364 [info] > git rev-parse --show-toplevel [16ms]
2023-12-07 23:53:50.364 [info] fatal: not a git repository (or any parent up to mount point /)
Stopping at filesystem boundary (GIT_DISCOVERY_ACROSS_FILESYSTEM not set).
2023-12-07 23:54:17.430 [info] > git rev-parse --show-toplevel [20ms]
2023-12-07 23:54:17.430 [info] fatal: not a git repository (or any parent up to mount point /)
Stopping at filesystem boundary (GIT_DISCOVERY_ACROSS_FILESYSTEM not set).
2023-12-07 23:54:44.339 [info] > git rev-parse --show-toplevel [23ms]
2023-12-07 23:54:44.339 [info] fatal: not a git repository (or any parent up to mount point /)
Stopping at filesystem boundary (GIT_DISCOVERY_ACROSS_FILESYSTEM not set).
2023-12-07 23:54:49.898 [info] > git rev-parse --show-toplevel [9ms]
2023-12-07 23:54:49.898 [info] fatal: not a git repository (or any parent up to mount point /)
Stopping at filesystem boundary (GIT_DISCOVERY_ACROSS_FILESYSTEM not set).
2023-12-07 23:55:43.846 [info] > git rev-parse --show-toplevel [9ms]
2023-12-07 23:55:43.846 [info] fatal: not a git repository (or any parent up to mount point /)
Stopping at filesystem boundary (GIT_DISCOVERY_ACROSS_FILESYSTEM not set).
2023-12-07 23:56:59.718 [info] > git rev-parse --show-toplevel [11ms]
2023-12-07 23:56:59.718 [info] fatal: not a git repository (or any parent up to mount point /)
Stopping at filesystem boundary (GIT_DISCOVERY_ACROSS_FILESYSTEM not set).
2023-12-07 23:59:57.311 [info] > git rev-parse --show-toplevel [17ms]
2023-12-07 23:59:57.311 [info] fatal: not a git repository (or any parent up to mount point /)
Stopping at filesystem boundary (GIT_DISCOVERY_ACROSS_FILESYSTEM not set).
2023-12-07 23:59:58.680 [info] > git rev-parse --show-toplevel [5ms]
2023-12-07 23:59:58.680 [info] fatal: not a git repository (or any parent up to mount point /)
Stopping at filesystem boundary (GIT_DISCOVERY_ACROSS_FILESYSTEM not set).
2023-12-08 00:01:09.598 [info] > git rev-parse --show-toplevel [11ms]
2023-12-08 00:01:09.598 [info] fatal: not a git repository (or any parent up to mount point /)
Stopping at filesystem boundary (GIT_DISCOVERY_ACROSS_FILESYSTEM not set).
2023-12-08 00:06:04.717 [info] > git rev-parse --show-toplevel [17ms]
2023-12-08 00:06:04.717 [info] fatal: not a git repository (or any parent up to mount point /)
Stopping at filesystem boundary (GIT_DISCOVERY_ACROSS_FILESYSTEM not set).
2023-12-08 00:06:11.722 [info] > git rev-parse --show-toplevel [13ms]
2023-12-08 00:06:11.722 [info] fatal: not a git repository (or any parent up to mount point /)
Stopping at filesystem boundary (GIT_DISCOVERY_ACROSS_FILESYSTEM not set).
2023-12-08 00:06:15.362 [info] > git rev-parse --show-toplevel [6ms]
2023-12-08 00:06:15.362 [info] fatal: not a git repository (or any parent up to mount point /)
Stopping at filesystem boundary (GIT_DISCOVERY_ACROSS_FILESYSTEM not set).
2023-12-08 00:06:15.380 [info] > git rev-parse --show-toplevel [5ms]
2023-12-08 00:06:15.380 [info] fatal: not a git repository (or any parent up to mount point /)
Stopping at filesystem boundary (GIT_DISCOVERY_ACROSS_FILESYSTEM not set).
2023-12-08 00:06:19.740 [info] > git rev-parse --show-toplevel [7ms]
2023-12-08 00:06:19.740 [info] fatal: not a git repository (or any parent up to mount point /)
Stopping at filesystem boundary (GIT_DISCOVERY_ACROSS_FILESYSTEM not set).
2023-12-08 00:06:19.757 [info] > git rev-parse --show-toplevel [5ms]
2023-12-08 00:06:19.757 [info] fatal: not a git repository (or any parent up to mount point /)
Stopping at filesystem boundary (GIT_DISCOVERY_ACROSS_FILESYSTEM not set).
2023-12-08 00:06:19.773 [info] > git rev-parse --show-toplevel [4ms]
2023-12-08 00:06:19.773 [info] fatal: not a git repository (or any parent up to mount point /)
Stopping at filesystem boundary (GIT_DISCOVERY_ACROSS_FILESYSTEM not set).
