2023-12-08 08:17:02.175 [info] Log level: Info
2023-12-08 08:17:02.176 [info] Validating found git in: "git"
2023-12-08 08:17:02.176 [info] Using git "2.39.2" from "git"
2023-12-08 08:17:02.176 [info] > git rev-parse --show-toplevel [33ms]
2023-12-08 08:17:02.176 [info] fatal: not a git repository (or any parent up to mount point /)
Stopping at filesystem boundary (GIT_DISCOVERY_ACROSS_FILESYSTEM not set).
2023-12-08 08:17:02.176 [info] > git rev-parse --show-toplevel [10ms]
2023-12-08 08:17:02.176 [info] fatal: not a git repository (or any parent up to mount point /)
Stopping at filesystem boundary (GIT_DISCOVERY_ACROSS_FILESYSTEM not set).
2023-12-08 08:17:02.176 [info] > git rev-parse --show-toplevel [13ms]
2023-12-08 08:17:02.176 [info] fatal: not a git repository (or any parent up to mount point /)
Stopping at filesystem boundary (GIT_DISCOVERY_ACROSS_FILESYSTEM not set).
2023-12-08 08:17:02.176 [info] > git rev-parse --show-toplevel [79ms]
2023-12-08 08:17:02.176 [info] fatal: not a git repository (or any parent up to mount point /)
Stopping at filesystem boundary (GIT_DISCOVERY_ACROSS_FILESYSTEM not set).
2023-12-08 08:17:02.176 [info] > git rev-parse --show-toplevel [15ms]
2023-12-08 08:17:02.176 [info] fatal: not a git repository (or any parent up to mount point /)
Stopping at filesystem boundary (GIT_DISCOVERY_ACROSS_FILESYSTEM not set).
2023-12-08 08:17:02.176 [info] > git rev-parse --show-toplevel [9ms]
2023-12-08 08:17:02.176 [info] fatal: not a git repository (or any parent up to mount point /)
Stopping at filesystem boundary (GIT_DISCOVERY_ACROSS_FILESYSTEM not set).
2023-12-08 08:17:02.176 [info] > git rev-parse --show-toplevel [64ms]
2023-12-08 08:17:02.176 [info] fatal: not a git repository (or any parent up to mount point /)
Stopping at filesystem boundary (GIT_DISCOVERY_ACROSS_FILESYSTEM not set).
2023-12-08 08:17:02.220 [info] > git rev-parse --show-toplevel [46ms]
2023-12-08 08:17:02.220 [info] fatal: not a git repository (or any parent up to mount point /)
Stopping at filesystem boundary (GIT_DISCOVERY_ACROSS_FILESYSTEM not set).
2023-12-08 08:17:02.501 [info] > git rev-parse --show-toplevel [228ms]
2023-12-08 08:17:02.501 [info] fatal: not a git repository (or any parent up to mount point /)
Stopping at filesystem boundary (GIT_DISCOVERY_ACROSS_FILESYSTEM not set).
2023-12-08 08:17:02.558 [info] > git rev-parse --show-toplevel [12ms]
2023-12-08 08:17:02.559 [info] fatal: not a git repository (or any parent up to mount point /)
Stopping at filesystem boundary (GIT_DISCOVERY_ACROSS_FILESYSTEM not set).
2023-12-08 08:17:02.635 [info] > git rev-parse --show-toplevel [41ms]
2023-12-08 08:17:02.635 [info] fatal: not a git repository (or any parent up to mount point /)
Stopping at filesystem boundary (GIT_DISCOVERY_ACROSS_FILESYSTEM not set).
2023-12-08 08:17:02.674 [info] > git rev-parse --show-toplevel [14ms]
2023-12-08 08:17:02.674 [info] fatal: not a git repository (or any parent up to mount point /)
Stopping at filesystem boundary (GIT_DISCOVERY_ACROSS_FILESYSTEM not set).
2023-12-08 08:17:05.138 [info] > git rev-parse --show-toplevel [15ms]
2023-12-08 08:17:05.138 [info] fatal: not a git repository (or any parent up to mount point /)
Stopping at filesystem boundary (GIT_DISCOVERY_ACROSS_FILESYSTEM not set).
2023-12-08 08:17:07.806 [info] > git rev-parse --show-toplevel [15ms]
2023-12-08 08:17:07.806 [info] fatal: not a git repository (or any parent up to mount point /)
Stopping at filesystem boundary (GIT_DISCOVERY_ACROSS_FILESYSTEM not set).
2023-12-08 08:17:25.954 [info] > git rev-parse --show-toplevel [15ms]
2023-12-08 08:17:25.954 [info] fatal: not a git repository (or any parent up to mount point /)
Stopping at filesystem boundary (GIT_DISCOVERY_ACROSS_FILESYSTEM not set).
2023-12-08 08:18:09.918 [info] > git rev-parse --show-toplevel [10ms]
2023-12-08 08:18:09.918 [info] fatal: not a git repository (or any parent up to mount point /)
Stopping at filesystem boundary (GIT_DISCOVERY_ACROSS_FILESYSTEM not set).
2023-12-08 08:18:14.776 [info] > git rev-parse --show-toplevel [6ms]
2023-12-08 08:18:14.776 [info] fatal: not a git repository (or any parent up to mount point /)
Stopping at filesystem boundary (GIT_DISCOVERY_ACROSS_FILESYSTEM not set).
2023-12-08 08:19:23.492 [info] > git rev-parse --show-toplevel [20ms]
2023-12-08 08:19:23.492 [info] fatal: not a git repository (or any parent up to mount point /)
Stopping at filesystem boundary (GIT_DISCOVERY_ACROSS_FILESYSTEM not set).
2023-12-08 08:19:24.249 [info] > git rev-parse --show-toplevel [5ms]
2023-12-08 08:19:24.249 [info] fatal: not a git repository (or any parent up to mount point /)
Stopping at filesystem boundary (GIT_DISCOVERY_ACROSS_FILESYSTEM not set).
2023-12-08 08:19:41.280 [info] > git rev-parse --show-toplevel [5ms]
2023-12-08 08:19:41.280 [info] fatal: not a git repository (or any parent up to mount point /)
Stopping at filesystem boundary (GIT_DISCOVERY_ACROSS_FILESYSTEM not set).
2023-12-08 08:19:42.648 [info] > git rev-parse --show-toplevel [7ms]
2023-12-08 08:19:42.649 [info] fatal: not a git repository (or any parent up to mount point /)
Stopping at filesystem boundary (GIT_DISCOVERY_ACROSS_FILESYSTEM not set).
2023-12-08 08:20:38.267 [info] > git rev-parse --show-toplevel [11ms]
2023-12-08 08:20:38.267 [info] fatal: not a git repository (or any parent up to mount point /)
Stopping at filesystem boundary (GIT_DISCOVERY_ACROSS_FILESYSTEM not set).
2023-12-08 08:22:04.683 [info] > git rev-parse --show-toplevel [17ms]
2023-12-08 08:22:04.683 [info] fatal: not a git repository (or any parent up to mount point /)
Stopping at filesystem boundary (GIT_DISCOVERY_ACROSS_FILESYSTEM not set).
2023-12-08 08:22:17.703 [info] > git rev-parse --show-toplevel [6ms]
2023-12-08 08:22:17.703 [info] fatal: not a git repository (or any parent up to mount point /)
Stopping at filesystem boundary (GIT_DISCOVERY_ACROSS_FILESYSTEM not set).
2023-12-08 08:22:20.057 [info] > git rev-parse --show-toplevel [5ms]
2023-12-08 08:22:20.057 [info] fatal: not a git repository (or any parent up to mount point /)
Stopping at filesystem boundary (GIT_DISCOVERY_ACROSS_FILESYSTEM not set).
2023-12-08 08:22:39.991 [info] > git rev-parse --show-toplevel [5ms]
2023-12-08 08:22:39.991 [info] fatal: not a git repository (or any parent up to mount point /)
Stopping at filesystem boundary (GIT_DISCOVERY_ACROSS_FILESYSTEM not set).
2023-12-08 08:23:17.857 [info] > git rev-parse --show-toplevel [6ms]
2023-12-08 08:23:17.857 [info] fatal: not a git repository (or any parent up to mount point /)
Stopping at filesystem boundary (GIT_DISCOVERY_ACROSS_FILESYSTEM not set).
2023-12-08 08:27:50.104 [info] > git rev-parse --show-toplevel [6ms]
2023-12-08 08:27:50.105 [info] fatal: not a git repository (or any parent up to mount point /)
Stopping at filesystem boundary (GIT_DISCOVERY_ACROSS_FILESYSTEM not set).
2023-12-08 08:28:50.431 [info] > git rev-parse --show-toplevel [20ms]
2023-12-08 08:28:50.431 [info] fatal: not a git repository (or any parent up to mount point /)
Stopping at filesystem boundary (GIT_DISCOVERY_ACROSS_FILESYSTEM not set).
2023-12-08 08:30:48.795 [info] > git rev-parse --show-toplevel [19ms]
2023-12-08 08:30:48.795 [info] fatal: not a git repository (or any parent up to mount point /)
Stopping at filesystem boundary (GIT_DISCOVERY_ACROSS_FILESYSTEM not set).
2023-12-08 08:30:56.235 [info] > git rev-parse --show-toplevel [14ms]
2023-12-08 08:30:56.235 [info] fatal: not a git repository (or any parent up to mount point /)
Stopping at filesystem boundary (GIT_DISCOVERY_ACROSS_FILESYSTEM not set).
2023-12-08 08:31:06.107 [info] > git rev-parse --show-toplevel [6ms]
2023-12-08 08:31:06.107 [info] fatal: not a git repository (or any parent up to mount point /)
Stopping at filesystem boundary (GIT_DISCOVERY_ACROSS_FILESYSTEM not set).
2023-12-08 08:32:59.666 [info] > git rev-parse --show-toplevel [17ms]
2023-12-08 08:32:59.666 [info] fatal: not a git repository (or any parent up to mount point /)
Stopping at filesystem boundary (GIT_DISCOVERY_ACROSS_FILESYSTEM not set).
2023-12-08 08:34:18.023 [info] > git rev-parse --show-toplevel [18ms]
2023-12-08 08:34:18.023 [info] fatal: not a git repository (or any parent up to mount point /)
Stopping at filesystem boundary (GIT_DISCOVERY_ACROSS_FILESYSTEM not set).
2023-12-08 08:34:30.189 [info] > git rev-parse --show-toplevel [14ms]
2023-12-08 08:34:30.189 [info] fatal: not a git repository (or any parent up to mount point /)
Stopping at filesystem boundary (GIT_DISCOVERY_ACROSS_FILESYSTEM not set).
2023-12-08 08:35:27.220 [info] > git rev-parse --show-toplevel [7ms]
2023-12-08 08:35:27.220 [info] fatal: not a git repository (or any parent up to mount point /)
Stopping at filesystem boundary (GIT_DISCOVERY_ACROSS_FILESYSTEM not set).
2023-12-08 08:40:08.615 [info] > git rev-parse --show-toplevel [10ms]
2023-12-08 08:40:08.616 [info] fatal: not a git repository (or any parent up to mount point /)
Stopping at filesystem boundary (GIT_DISCOVERY_ACROSS_FILESYSTEM not set).
2023-12-08 08:40:17.005 [info] > git rev-parse --show-toplevel [17ms]
2023-12-08 08:40:17.005 [info] fatal: not a git repository (or any parent up to mount point /)
Stopping at filesystem boundary (GIT_DISCOVERY_ACROSS_FILESYSTEM not set).
2023-12-08 08:40:28.188 [info] > git rev-parse --show-toplevel [16ms]
2023-12-08 08:40:28.188 [info] fatal: not a git repository (or any parent up to mount point /)
Stopping at filesystem boundary (GIT_DISCOVERY_ACROSS_FILESYSTEM not set).
2023-12-08 08:42:13.107 [info] > git rev-parse --show-toplevel [6ms]
2023-12-08 08:42:13.107 [info] fatal: not a git repository (or any parent up to mount point /)
Stopping at filesystem boundary (GIT_DISCOVERY_ACROSS_FILESYSTEM not set).
2023-12-08 08:42:31.795 [info] > git rev-parse --show-toplevel [4ms]
2023-12-08 08:42:31.795 [info] fatal: not a git repository (or any parent up to mount point /)
Stopping at filesystem boundary (GIT_DISCOVERY_ACROSS_FILESYSTEM not set).
2023-12-08 08:43:20.090 [info] > git rev-parse --show-toplevel [11ms]
2023-12-08 08:43:20.090 [info] fatal: not a git repository (or any parent up to mount point /)
Stopping at filesystem boundary (GIT_DISCOVERY_ACROSS_FILESYSTEM not set).
2023-12-08 08:45:48.591 [info] > git rev-parse --show-toplevel [19ms]
2023-12-08 08:45:48.592 [info] fatal: not a git repository (or any parent up to mount point /)
Stopping at filesystem boundary (GIT_DISCOVERY_ACROSS_FILESYSTEM not set).
2023-12-08 08:46:06.459 [info] > git rev-parse --show-toplevel [6ms]
2023-12-08 08:46:06.459 [info] fatal: not a git repository (or any parent up to mount point /)
Stopping at filesystem boundary (GIT_DISCOVERY_ACROSS_FILESYSTEM not set).
2023-12-08 08:46:12.737 [info] > git rev-parse --show-toplevel [8ms]
2023-12-08 08:46:12.737 [info] fatal: not a git repository (or any parent up to mount point /)
Stopping at filesystem boundary (GIT_DISCOVERY_ACROSS_FILESYSTEM not set).
2023-12-08 08:46:19.054 [info] > git rev-parse --show-toplevel [5ms]
2023-12-08 08:46:19.054 [info] fatal: not a git repository (or any parent up to mount point /)
Stopping at filesystem boundary (GIT_DISCOVERY_ACROSS_FILESYSTEM not set).
2023-12-08 08:46:20.766 [info] > git rev-parse --show-toplevel [9ms]
2023-12-08 08:46:20.766 [info] fatal: not a git repository (or any parent up to mount point /)
Stopping at filesystem boundary (GIT_DISCOVERY_ACROSS_FILESYSTEM not set).
2023-12-08 08:46:24.841 [info] > git rev-parse --show-toplevel [9ms]
2023-12-08 08:46:24.841 [info] fatal: not a git repository (or any parent up to mount point /)
Stopping at filesystem boundary (GIT_DISCOVERY_ACROSS_FILESYSTEM not set).
2023-12-08 08:46:44.476 [info] > git rev-parse --show-toplevel [5ms]
2023-12-08 08:46:44.476 [info] fatal: not a git repository (or any parent up to mount point /)
Stopping at filesystem boundary (GIT_DISCOVERY_ACROSS_FILESYSTEM not set).
2023-12-08 08:46:49.217 [info] > git rev-parse --show-toplevel [5ms]
2023-12-08 08:46:49.217 [info] fatal: not a git repository (or any parent up to mount point /)
Stopping at filesystem boundary (GIT_DISCOVERY_ACROSS_FILESYSTEM not set).
2023-12-08 08:47:23.343 [info] > git rev-parse --show-toplevel [10ms]
2023-12-08 08:47:23.343 [info] fatal: not a git repository (or any parent up to mount point /)
Stopping at filesystem boundary (GIT_DISCOVERY_ACROSS_FILESYSTEM not set).
2023-12-08 08:47:54.788 [info] > git rev-parse --show-toplevel [10ms]
2023-12-08 08:47:54.789 [info] fatal: not a git repository (or any parent up to mount point /)
Stopping at filesystem boundary (GIT_DISCOVERY_ACROSS_FILESYSTEM not set).
2023-12-08 08:48:53.286 [info] > git rev-parse --show-toplevel [6ms]
2023-12-08 08:48:53.286 [info] fatal: not a git repository (or any parent up to mount point /)
Stopping at filesystem boundary (GIT_DISCOVERY_ACROSS_FILESYSTEM not set).
2023-12-08 08:49:07.393 [info] > git rev-parse --show-toplevel [6ms]
2023-12-08 08:49:07.393 [info] fatal: not a git repository (or any parent up to mount point /)
Stopping at filesystem boundary (GIT_DISCOVERY_ACROSS_FILESYSTEM not set).
2023-12-08 08:49:08.353 [info] > git rev-parse --show-toplevel [5ms]
2023-12-08 08:49:08.353 [info] fatal: not a git repository (or any parent up to mount point /)
Stopping at filesystem boundary (GIT_DISCOVERY_ACROSS_FILESYSTEM not set).
2023-12-08 08:49:09.709 [info] > git rev-parse --show-toplevel [7ms]
2023-12-08 08:49:09.709 [info] fatal: not a git repository (or any parent up to mount point /)
Stopping at filesystem boundary (GIT_DISCOVERY_ACROSS_FILESYSTEM not set).
2023-12-08 08:49:14.287 [info] > git rev-parse --show-toplevel [9ms]
2023-12-08 08:49:14.287 [info] fatal: not a git repository (or any parent up to mount point /)
Stopping at filesystem boundary (GIT_DISCOVERY_ACROSS_FILESYSTEM not set).
2023-12-08 08:49:19.152 [info] > git rev-parse --show-toplevel [7ms]
2023-12-08 08:49:19.152 [info] fatal: not a git repository (or any parent up to mount point /)
Stopping at filesystem boundary (GIT_DISCOVERY_ACROSS_FILESYSTEM not set).
2023-12-08 08:49:23.898 [info] > git rev-parse --show-toplevel [9ms]
2023-12-08 08:49:23.898 [info] fatal: not a git repository (or any parent up to mount point /)
Stopping at filesystem boundary (GIT_DISCOVERY_ACROSS_FILESYSTEM not set).
2023-12-08 08:49:27.108 [info] > git rev-parse --show-toplevel [15ms]
2023-12-08 08:49:27.108 [info] fatal: not a git repository (or any parent up to mount point /)
Stopping at filesystem boundary (GIT_DISCOVERY_ACROSS_FILESYSTEM not set).
2023-12-08 08:49:28.007 [info] > git rev-parse --show-toplevel [5ms]
2023-12-08 08:49:28.007 [info] fatal: not a git repository (or any parent up to mount point /)
Stopping at filesystem boundary (GIT_DISCOVERY_ACROSS_FILESYSTEM not set).
2023-12-08 08:49:28.890 [info] > git rev-parse --show-toplevel [9ms]
2023-12-08 08:49:28.890 [info] fatal: not a git repository (or any parent up to mount point /)
Stopping at filesystem boundary (GIT_DISCOVERY_ACROSS_FILESYSTEM not set).
2023-12-08 08:49:29.754 [info] > git rev-parse --show-toplevel [8ms]
2023-12-08 08:49:29.754 [info] fatal: not a git repository (or any parent up to mount point /)
Stopping at filesystem boundary (GIT_DISCOVERY_ACROSS_FILESYSTEM not set).
2023-12-08 08:49:30.565 [info] > git rev-parse --show-toplevel [5ms]
2023-12-08 08:49:30.565 [info] fatal: not a git repository (or any parent up to mount point /)
Stopping at filesystem boundary (GIT_DISCOVERY_ACROSS_FILESYSTEM not set).
2023-12-08 08:49:31.418 [info] > git rev-parse --show-toplevel [7ms]
2023-12-08 08:49:31.419 [info] fatal: not a git repository (or any parent up to mount point /)
Stopping at filesystem boundary (GIT_DISCOVERY_ACROSS_FILESYSTEM not set).
2023-12-08 08:49:46.061 [info] > git rev-parse --show-toplevel [7ms]
2023-12-08 08:49:46.061 [info] fatal: not a git repository (or any parent up to mount point /)
Stopping at filesystem boundary (GIT_DISCOVERY_ACROSS_FILESYSTEM not set).
2023-12-08 08:50:45.575 [info] > git rev-parse --show-toplevel [6ms]
2023-12-08 08:50:45.575 [info] fatal: not a git repository (or any parent up to mount point /)
Stopping at filesystem boundary (GIT_DISCOVERY_ACROSS_FILESYSTEM not set).
