2023-12-08 07:39:57.874 [info] Log level: Info
2023-12-08 07:39:57.874 [info] Validating found git in: "git"
2023-12-08 07:39:57.874 [info] Using git "2.39.2" from "git"
2023-12-08 07:39:57.874 [info] > git rev-parse --show-toplevel [113ms]
2023-12-08 07:39:57.874 [info] fatal: not a git repository (or any parent up to mount point /)
Stopping at filesystem boundary (GIT_DISCOVERY_ACROSS_FILESYSTEM not set).
2023-12-08 07:39:57.874 [info] > git rev-parse --show-toplevel [50ms]
2023-12-08 07:39:57.874 [info] fatal: not a git repository (or any parent up to mount point /)
Stopping at filesystem boundary (GIT_DISCOVERY_ACROSS_FILESYSTEM not set).
2023-12-08 07:39:57.874 [info] > git rev-parse --show-toplevel [19ms]
2023-12-08 07:39:57.874 [info] fatal: not a git repository (or any parent up to mount point /)
Stopping at filesystem boundary (GIT_DISCOVERY_ACROSS_FILESYSTEM not set).
2023-12-08 07:39:57.874 [info] > git rev-parse --show-toplevel [51ms]
2023-12-08 07:39:57.874 [info] fatal: not a git repository (or any parent up to mount point /)
Stopping at filesystem boundary (GIT_DISCOVERY_ACROSS_FILESYSTEM not set).
2023-12-08 07:39:57.875 [info] > git rev-parse --show-toplevel [31ms]
2023-12-08 07:39:57.875 [info] fatal: not a git repository (or any parent up to mount point /)
Stopping at filesystem boundary (GIT_DISCOVERY_ACROSS_FILESYSTEM not set).
2023-12-08 07:39:57.875 [info] > git rev-parse --show-toplevel [47ms]
2023-12-08 07:39:57.875 [info] fatal: not a git repository (or any parent up to mount point /)
Stopping at filesystem boundary (GIT_DISCOVERY_ACROSS_FILESYSTEM not set).
2023-12-08 07:39:57.875 [info] > git rev-parse --show-toplevel [53ms]
2023-12-08 07:39:57.875 [info] fatal: not a git repository (or any parent up to mount point /)
Stopping at filesystem boundary (GIT_DISCOVERY_ACROSS_FILESYSTEM not set).
2023-12-08 07:39:57.875 [info] > git rev-parse --show-toplevel [17ms]
2023-12-08 07:39:57.875 [info] fatal: not a git repository (or any parent up to mount point /)
Stopping at filesystem boundary (GIT_DISCOVERY_ACROSS_FILESYSTEM not set).
2023-12-08 07:39:57.875 [info] > git rev-parse --show-toplevel [35ms]
2023-12-08 07:39:57.875 [info] fatal: not a git repository (or any parent up to mount point /)
Stopping at filesystem boundary (GIT_DISCOVERY_ACROSS_FILESYSTEM not set).
2023-12-08 07:39:57.875 [info] > git rev-parse --show-toplevel [11ms]
2023-12-08 07:39:57.875 [info] fatal: not a git repository (or any parent up to mount point /)
Stopping at filesystem boundary (GIT_DISCOVERY_ACROSS_FILESYSTEM not set).
2023-12-08 07:39:57.875 [info] > git rev-parse --show-toplevel [52ms]
2023-12-08 07:39:57.875 [info] fatal: not a git repository (or any parent up to mount point /)
Stopping at filesystem boundary (GIT_DISCOVERY_ACROSS_FILESYSTEM not set).
2023-12-08 07:39:57.875 [info] > git rev-parse --show-toplevel [29ms]
2023-12-08 07:39:57.875 [info] fatal: not a git repository (or any parent up to mount point /)
Stopping at filesystem boundary (GIT_DISCOVERY_ACROSS_FILESYSTEM not set).
2023-12-08 07:44:37.150 [info] > git rev-parse --show-toplevel [13ms]
2023-12-08 07:44:37.150 [info] fatal: not a git repository (or any parent up to mount point /)
Stopping at filesystem boundary (GIT_DISCOVERY_ACROSS_FILESYSTEM not set).
2023-12-08 07:45:18.652 [info] > git rev-parse --show-toplevel [19ms]
2023-12-08 07:45:18.657 [info] fatal: not a git repository (or any parent up to mount point /)
Stopping at filesystem boundary (GIT_DISCOVERY_ACROSS_FILESYSTEM not set).
2023-12-08 07:45:32.142 [info] > git rev-parse --show-toplevel [18ms]
2023-12-08 07:45:32.142 [info] fatal: not a git repository (or any parent up to mount point /)
Stopping at filesystem boundary (GIT_DISCOVERY_ACROSS_FILESYSTEM not set).
2023-12-08 07:45:37.730 [info] > git rev-parse --show-toplevel [7ms]
2023-12-08 07:45:37.731 [info] fatal: not a git repository (or any parent up to mount point /)
Stopping at filesystem boundary (GIT_DISCOVERY_ACROSS_FILESYSTEM not set).
2023-12-08 07:45:39.976 [info] > git rev-parse --show-toplevel [8ms]
2023-12-08 07:45:39.976 [info] fatal: not a git repository (or any parent up to mount point /)
Stopping at filesystem boundary (GIT_DISCOVERY_ACROSS_FILESYSTEM not set).
2023-12-08 07:47:35.312 [info] > git rev-parse --show-toplevel [14ms]
2023-12-08 07:47:35.312 [info] fatal: not a git repository (or any parent up to mount point /)
Stopping at filesystem boundary (GIT_DISCOVERY_ACROSS_FILESYSTEM not set).
2023-12-08 07:48:02.574 [info] > git rev-parse --show-toplevel [17ms]
2023-12-08 07:48:02.574 [info] fatal: not a git repository (or any parent up to mount point /)
Stopping at filesystem boundary (GIT_DISCOVERY_ACROSS_FILESYSTEM not set).
2023-12-08 07:48:03.442 [info] > git rev-parse --show-toplevel [15ms]
2023-12-08 07:48:03.442 [info] fatal: not a git repository (or any parent up to mount point /)
Stopping at filesystem boundary (GIT_DISCOVERY_ACROSS_FILESYSTEM not set).
