2023-12-08 08:52:39.705 [info] Log level: Info
2023-12-08 08:52:39.705 [info] Validating found git in: "git"
2023-12-08 08:52:39.705 [info] Using git "2.39.2" from "git"
2023-12-08 08:52:39.705 [info] > git rev-parse --show-toplevel [75ms]
2023-12-08 08:52:39.705 [info] fatal: not a git repository (or any parent up to mount point /)
Stopping at filesystem boundary (GIT_DISCOVERY_ACROSS_FILESYSTEM not set).
2023-12-08 08:52:39.705 [info] > git rev-parse --show-toplevel [40ms]
2023-12-08 08:52:39.705 [info] fatal: not a git repository (or any parent up to mount point /)
Stopping at filesystem boundary (GIT_DISCOVERY_ACROSS_FILESYSTEM not set).
2023-12-08 08:52:39.705 [info] > git rev-parse --show-toplevel [37ms]
2023-12-08 08:52:39.705 [info] fatal: not a git repository (or any parent up to mount point /)
Stopping at filesystem boundary (GIT_DISCOVERY_ACROSS_FILESYSTEM not set).
2023-12-08 08:52:39.714 [info] > git rev-parse --show-toplevel [27ms]
2023-12-08 08:52:39.714 [info] fatal: not a git repository (or any parent up to mount point /)
Stopping at filesystem boundary (GIT_DISCOVERY_ACROSS_FILESYSTEM not set).
2023-12-08 08:52:39.810 [info] > git rev-parse --show-toplevel [58ms]
2023-12-08 08:52:39.810 [info] fatal: not a git repository (or any parent up to mount point /)
Stopping at filesystem boundary (GIT_DISCOVERY_ACROSS_FILESYSTEM not set).
2023-12-08 08:52:39.920 [info] > git rev-parse --show-toplevel [33ms]
2023-12-08 08:52:39.920 [info] fatal: not a git repository (or any parent up to mount point /)
Stopping at filesystem boundary (GIT_DISCOVERY_ACROSS_FILESYSTEM not set).
2023-12-08 08:52:40.046 [info] > git rev-parse --show-toplevel [68ms]
2023-12-08 08:52:40.046 [info] fatal: not a git repository (or any parent up to mount point /)
Stopping at filesystem boundary (GIT_DISCOVERY_ACROSS_FILESYSTEM not set).
2023-12-08 08:52:40.125 [info] > git rev-parse --show-toplevel [43ms]
2023-12-08 08:52:40.125 [info] fatal: not a git repository (or any parent up to mount point /)
Stopping at filesystem boundary (GIT_DISCOVERY_ACROSS_FILESYSTEM not set).
2023-12-08 08:52:40.249 [info] > git rev-parse --show-toplevel [85ms]
2023-12-08 08:52:40.249 [info] fatal: not a git repository (or any parent up to mount point /)
Stopping at filesystem boundary (GIT_DISCOVERY_ACROSS_FILESYSTEM not set).
2023-12-08 08:52:40.428 [info] > git rev-parse --show-toplevel [106ms]
2023-12-08 08:52:40.428 [info] fatal: not a git repository (or any parent up to mount point /)
Stopping at filesystem boundary (GIT_DISCOVERY_ACROSS_FILESYSTEM not set).
2023-12-08 08:52:40.523 [info] > git rev-parse --show-toplevel [14ms]
2023-12-08 08:52:40.523 [info] fatal: not a git repository (or any parent up to mount point /)
Stopping at filesystem boundary (GIT_DISCOVERY_ACROSS_FILESYSTEM not set).
2023-12-08 08:52:40.633 [info] > git rev-parse --show-toplevel [44ms]
2023-12-08 08:52:40.633 [info] fatal: not a git repository (or any parent up to mount point /)
Stopping at filesystem boundary (GIT_DISCOVERY_ACROSS_FILESYSTEM not set).
2023-12-08 08:52:40.817 [info] > git rev-parse --show-toplevel [140ms]
2023-12-08 08:52:40.817 [info] fatal: not a git repository (or any parent up to mount point /)
Stopping at filesystem boundary (GIT_DISCOVERY_ACROSS_FILESYSTEM not set).
2023-12-08 08:52:41.193 [info] > git rev-parse --show-toplevel [280ms]
2023-12-08 08:52:41.194 [info] fatal: not a git repository (or any parent up to mount point /)
Stopping at filesystem boundary (GIT_DISCOVERY_ACROSS_FILESYSTEM not set).
2023-12-08 08:52:41.251 [info] > git rev-parse --show-toplevel [22ms]
2023-12-08 08:52:41.251 [info] fatal: not a git repository (or any parent up to mount point /)
Stopping at filesystem boundary (GIT_DISCOVERY_ACROSS_FILESYSTEM not set).
2023-12-08 08:52:43.355 [info] > git rev-parse --show-toplevel [25ms]
2023-12-08 08:52:43.355 [info] fatal: not a git repository (or any parent up to mount point /)
Stopping at filesystem boundary (GIT_DISCOVERY_ACROSS_FILESYSTEM not set).
2023-12-08 08:52:48.264 [info] > git rev-parse --show-toplevel [12ms]
2023-12-08 08:52:48.264 [info] fatal: not a git repository (or any parent up to mount point /)
Stopping at filesystem boundary (GIT_DISCOVERY_ACROSS_FILESYSTEM not set).
2023-12-08 08:52:50.056 [info] > git rev-parse --show-toplevel [18ms]
2023-12-08 08:52:50.056 [info] fatal: not a git repository (or any parent up to mount point /)
Stopping at filesystem boundary (GIT_DISCOVERY_ACROSS_FILESYSTEM not set).
2023-12-08 08:52:50.450 [info] > git rev-parse --show-toplevel [19ms]
2023-12-08 08:52:50.450 [info] fatal: not a git repository (or any parent up to mount point /)
Stopping at filesystem boundary (GIT_DISCOVERY_ACROSS_FILESYSTEM not set).
2023-12-08 08:52:51.897 [info] > git rev-parse --show-toplevel [6ms]
2023-12-08 08:52:51.897 [info] fatal: not a git repository (or any parent up to mount point /)
Stopping at filesystem boundary (GIT_DISCOVERY_ACROSS_FILESYSTEM not set).
2023-12-08 08:52:58.680 [info] > git rev-parse --show-toplevel [33ms]
2023-12-08 08:52:58.680 [info] fatal: not a git repository (or any parent up to mount point /)
Stopping at filesystem boundary (GIT_DISCOVERY_ACROSS_FILESYSTEM not set).
2023-12-08 08:53:04.634 [info] > git rev-parse --show-toplevel [18ms]
2023-12-08 08:53:04.634 [info] fatal: not a git repository (or any parent up to mount point /)
Stopping at filesystem boundary (GIT_DISCOVERY_ACROSS_FILESYSTEM not set).
2023-12-08 08:53:07.677 [info] > git rev-parse --show-toplevel [19ms]
2023-12-08 08:53:07.677 [info] fatal: not a git repository (or any parent up to mount point /)
Stopping at filesystem boundary (GIT_DISCOVERY_ACROSS_FILESYSTEM not set).
2023-12-08 08:53:09.088 [info] > git rev-parse --show-toplevel [7ms]
2023-12-08 08:53:09.088 [info] fatal: not a git repository (or any parent up to mount point /)
Stopping at filesystem boundary (GIT_DISCOVERY_ACROSS_FILESYSTEM not set).
2023-12-08 08:53:09.844 [info] > git rev-parse --show-toplevel [19ms]
2023-12-08 08:53:09.844 [info] fatal: not a git repository (or any parent up to mount point /)
Stopping at filesystem boundary (GIT_DISCOVERY_ACROSS_FILESYSTEM not set).
2023-12-08 08:53:11.587 [info] > git rev-parse --show-toplevel [8ms]
2023-12-08 08:53:11.587 [info] fatal: not a git repository (or any parent up to mount point /)
Stopping at filesystem boundary (GIT_DISCOVERY_ACROSS_FILESYSTEM not set).
2023-12-08 08:53:12.362 [info] > git rev-parse --show-toplevel [18ms]
2023-12-08 08:53:12.362 [info] fatal: not a git repository (or any parent up to mount point /)
Stopping at filesystem boundary (GIT_DISCOVERY_ACROSS_FILESYSTEM not set).
2023-12-08 08:53:13.667 [info] > git rev-parse --show-toplevel [7ms]
2023-12-08 08:53:13.667 [info] fatal: not a git repository (or any parent up to mount point /)
Stopping at filesystem boundary (GIT_DISCOVERY_ACROSS_FILESYSTEM not set).
2023-12-08 08:53:14.411 [info] > git rev-parse --show-toplevel [18ms]
2023-12-08 08:53:14.411 [info] fatal: not a git repository (or any parent up to mount point /)
Stopping at filesystem boundary (GIT_DISCOVERY_ACROSS_FILESYSTEM not set).
2023-12-08 08:53:15.805 [info] > git rev-parse --show-toplevel [6ms]
2023-12-08 08:53:15.805 [info] fatal: not a git repository (or any parent up to mount point /)
Stopping at filesystem boundary (GIT_DISCOVERY_ACROSS_FILESYSTEM not set).
2023-12-08 08:53:24.073 [info] > git rev-parse --show-toplevel [16ms]
2023-12-08 08:53:24.073 [info] fatal: not a git repository (or any parent up to mount point /)
Stopping at filesystem boundary (GIT_DISCOVERY_ACROSS_FILESYSTEM not set).
2023-12-08 08:53:28.752 [info] > git rev-parse --show-toplevel [17ms]
2023-12-08 08:53:28.752 [info] fatal: not a git repository (or any parent up to mount point /)
Stopping at filesystem boundary (GIT_DISCOVERY_ACROSS_FILESYSTEM not set).
2023-12-08 08:54:16.586 [info] > git rev-parse --show-toplevel [20ms]
2023-12-08 08:54:16.586 [info] fatal: not a git repository (or any parent up to mount point /)
Stopping at filesystem boundary (GIT_DISCOVERY_ACROSS_FILESYSTEM not set).
2023-12-08 08:59:13.595 [info] > git rev-parse --show-toplevel [15ms]
2023-12-08 08:59:13.595 [info] fatal: not a git repository (or any parent up to mount point /)
Stopping at filesystem boundary (GIT_DISCOVERY_ACROSS_FILESYSTEM not set).
2023-12-08 09:02:13.305 [info] > git rev-parse --show-toplevel [5ms]
2023-12-08 09:02:13.305 [info] fatal: not a git repository (or any parent up to mount point /)
Stopping at filesystem boundary (GIT_DISCOVERY_ACROSS_FILESYSTEM not set).
2023-12-08 09:02:59.718 [info] > git rev-parse --show-toplevel [13ms]
2023-12-08 09:02:59.718 [info] fatal: not a git repository (or any parent up to mount point /)
Stopping at filesystem boundary (GIT_DISCOVERY_ACROSS_FILESYSTEM not set).
2023-12-08 09:04:16.942 [info] > git rev-parse --show-toplevel [6ms]
2023-12-08 09:04:16.942 [info] fatal: not a git repository (or any parent up to mount point /)
Stopping at filesystem boundary (GIT_DISCOVERY_ACROSS_FILESYSTEM not set).
2023-12-08 09:10:05.869 [info] > git rev-parse --show-toplevel [18ms]
2023-12-08 09:10:05.869 [info] fatal: not a git repository (or any parent up to mount point /)
Stopping at filesystem boundary (GIT_DISCOVERY_ACROSS_FILESYSTEM not set).
2023-12-08 09:10:17.892 [info] > git rev-parse --show-toplevel [16ms]
2023-12-08 09:10:17.892 [info] fatal: not a git repository (or any parent up to mount point /)
Stopping at filesystem boundary (GIT_DISCOVERY_ACROSS_FILESYSTEM not set).
2023-12-08 09:10:23.409 [info] > git rev-parse --show-toplevel [14ms]
2023-12-08 09:10:23.409 [info] fatal: not a git repository (or any parent up to mount point /)
Stopping at filesystem boundary (GIT_DISCOVERY_ACROSS_FILESYSTEM not set).
2023-12-08 09:10:36.019 [info] > git rev-parse --show-toplevel [13ms]
2023-12-08 09:10:36.019 [info] fatal: not a git repository (or any parent up to mount point /)
Stopping at filesystem boundary (GIT_DISCOVERY_ACROSS_FILESYSTEM not set).
2023-12-08 09:10:54.124 [info] > git rev-parse --show-toplevel [17ms]
2023-12-08 09:10:54.124 [info] fatal: not a git repository (or any parent up to mount point /)
Stopping at filesystem boundary (GIT_DISCOVERY_ACROSS_FILESYSTEM not set).
2023-12-08 09:10:59.044 [info] > git rev-parse --show-toplevel [5ms]
2023-12-08 09:10:59.044 [info] fatal: not a git repository (or any parent up to mount point /)
Stopping at filesystem boundary (GIT_DISCOVERY_ACROSS_FILESYSTEM not set).
2023-12-08 09:11:18.622 [info] > git rev-parse --show-toplevel [4ms]
2023-12-08 09:11:18.622 [info] fatal: not a git repository (or any parent up to mount point /)
Stopping at filesystem boundary (GIT_DISCOVERY_ACROSS_FILESYSTEM not set).
2023-12-08 09:11:23.340 [info] > git rev-parse --show-toplevel [16ms]
2023-12-08 09:11:23.340 [info] fatal: not a git repository (or any parent up to mount point /)
Stopping at filesystem boundary (GIT_DISCOVERY_ACROSS_FILESYSTEM not set).
2023-12-08 09:11:26.096 [info] > git rev-parse --show-toplevel [19ms]
2023-12-08 09:11:26.096 [info] fatal: not a git repository (or any parent up to mount point /)
Stopping at filesystem boundary (GIT_DISCOVERY_ACROSS_FILESYSTEM not set).
2023-12-08 09:13:58.634 [info] > git rev-parse --show-toplevel [14ms]
2023-12-08 09:13:58.634 [info] fatal: not a git repository (or any parent up to mount point /)
Stopping at filesystem boundary (GIT_DISCOVERY_ACROSS_FILESYSTEM not set).
2023-12-08 09:14:12.055 [info] > git rev-parse --show-toplevel [6ms]
2023-12-08 09:14:12.055 [info] fatal: not a git repository (or any parent up to mount point /)
Stopping at filesystem boundary (GIT_DISCOVERY_ACROSS_FILESYSTEM not set).
2023-12-08 09:14:15.304 [info] > git rev-parse --show-toplevel [7ms]
2023-12-08 09:14:15.304 [info] fatal: not a git repository (or any parent up to mount point /)
Stopping at filesystem boundary (GIT_DISCOVERY_ACROSS_FILESYSTEM not set).
2023-12-08 09:14:17.041 [info] > git rev-parse --show-toplevel [6ms]
2023-12-08 09:14:17.041 [info] fatal: not a git repository (or any parent up to mount point /)
Stopping at filesystem boundary (GIT_DISCOVERY_ACROSS_FILESYSTEM not set).
2023-12-08 09:15:15.122 [info] > git rev-parse --show-toplevel [9ms]
2023-12-08 09:15:15.122 [info] fatal: not a git repository (or any parent up to mount point /)
Stopping at filesystem boundary (GIT_DISCOVERY_ACROSS_FILESYSTEM not set).
2023-12-08 09:21:43.352 [info] > git rev-parse --show-toplevel [15ms]
2023-12-08 09:21:43.352 [info] fatal: not a git repository (or any parent up to mount point /)
Stopping at filesystem boundary (GIT_DISCOVERY_ACROSS_FILESYSTEM not set).
2023-12-08 09:25:08.101 [info] > git rev-parse --show-toplevel [19ms]
2023-12-08 09:25:08.101 [info] fatal: not a git repository (or any parent up to mount point /)
Stopping at filesystem boundary (GIT_DISCOVERY_ACROSS_FILESYSTEM not set).
2023-12-08 09:26:40.637 [info] > git rev-parse --show-toplevel [7ms]
2023-12-08 09:26:40.637 [info] fatal: not a git repository (or any parent up to mount point /)
Stopping at filesystem boundary (GIT_DISCOVERY_ACROSS_FILESYSTEM not set).
2023-12-08 09:26:46.780 [info] > git rev-parse --show-toplevel [11ms]
2023-12-08 09:26:46.780 [info] fatal: not a git repository (or any parent up to mount point /)
Stopping at filesystem boundary (GIT_DISCOVERY_ACROSS_FILESYSTEM not set).
2023-12-08 09:28:12.462 [info] > git rev-parse --show-toplevel [16ms]
2023-12-08 09:28:12.463 [info] fatal: not a git repository (or any parent up to mount point /)
Stopping at filesystem boundary (GIT_DISCOVERY_ACROSS_FILESYSTEM not set).
2023-12-08 09:28:33.768 [info] > git rev-parse --show-toplevel [15ms]
2023-12-08 09:28:33.768 [info] fatal: not a git repository (or any parent up to mount point /)
Stopping at filesystem boundary (GIT_DISCOVERY_ACROSS_FILESYSTEM not set).
2023-12-08 09:30:17.742 [info] > git rev-parse --show-toplevel [12ms]
2023-12-08 09:30:17.742 [info] fatal: not a git repository (or any parent up to mount point /)
Stopping at filesystem boundary (GIT_DISCOVERY_ACROSS_FILESYSTEM not set).
2023-12-08 09:30:26.735 [info] > git rev-parse --show-toplevel [5ms]
2023-12-08 09:30:26.735 [info] fatal: not a git repository (or any parent up to mount point /)
Stopping at filesystem boundary (GIT_DISCOVERY_ACROSS_FILESYSTEM not set).
2023-12-08 09:30:39.862 [info] > git rev-parse --show-toplevel [6ms]
2023-12-08 09:30:39.862 [info] fatal: not a git repository (or any parent up to mount point /)
Stopping at filesystem boundary (GIT_DISCOVERY_ACROSS_FILESYSTEM not set).
2023-12-08 09:30:48.918 [info] > git rev-parse --show-toplevel [5ms]
2023-12-08 09:30:48.918 [info] fatal: not a git repository (or any parent up to mount point /)
Stopping at filesystem boundary (GIT_DISCOVERY_ACROSS_FILESYSTEM not set).
2023-12-08 09:31:11.815 [info] > git rev-parse --show-toplevel [5ms]
2023-12-08 09:31:11.815 [info] fatal: not a git repository (or any parent up to mount point /)
Stopping at filesystem boundary (GIT_DISCOVERY_ACROSS_FILESYSTEM not set).
2023-12-08 09:32:09.399 [info] > git rev-parse --show-toplevel [6ms]
2023-12-08 09:32:09.399 [info] fatal: not a git repository (or any parent up to mount point /)
Stopping at filesystem boundary (GIT_DISCOVERY_ACROSS_FILESYSTEM not set).
2023-12-08 09:32:54.920 [info] > git rev-parse --show-toplevel [7ms]
2023-12-08 09:32:54.920 [info] fatal: not a git repository (or any parent up to mount point /)
Stopping at filesystem boundary (GIT_DISCOVERY_ACROSS_FILESYSTEM not set).
2023-12-08 09:34:09.575 [info] > git rev-parse --show-toplevel [12ms]
2023-12-08 09:34:09.575 [info] fatal: not a git repository (or any parent up to mount point /)
Stopping at filesystem boundary (GIT_DISCOVERY_ACROSS_FILESYSTEM not set).
2023-12-08 09:36:24.008 [info] > git rev-parse --show-toplevel [10ms]
2023-12-08 09:36:24.008 [info] fatal: not a git repository (or any parent up to mount point /)
Stopping at filesystem boundary (GIT_DISCOVERY_ACROSS_FILESYSTEM not set).
2023-12-08 09:38:39.119 [info] > git rev-parse --show-toplevel [5ms]
2023-12-08 09:38:39.119 [info] fatal: not a git repository (or any parent up to mount point /)
Stopping at filesystem boundary (GIT_DISCOVERY_ACROSS_FILESYSTEM not set).
2023-12-08 09:40:36.611 [info] > git rev-parse --show-toplevel [4ms]
2023-12-08 09:40:36.611 [info] fatal: not a git repository (or any parent up to mount point /)
Stopping at filesystem boundary (GIT_DISCOVERY_ACROSS_FILESYSTEM not set).
2023-12-08 09:40:37.466 [info] > git rev-parse --show-toplevel [5ms]
2023-12-08 09:40:37.466 [info] fatal: not a git repository (or any parent up to mount point /)
Stopping at filesystem boundary (GIT_DISCOVERY_ACROSS_FILESYSTEM not set).
2023-12-08 09:40:38.509 [info] > git rev-parse --show-toplevel [10ms]
2023-12-08 09:40:38.509 [info] fatal: not a git repository (or any parent up to mount point /)
Stopping at filesystem boundary (GIT_DISCOVERY_ACROSS_FILESYSTEM not set).
2023-12-08 09:40:39.409 [info] > git rev-parse --show-toplevel [9ms]
2023-12-08 09:40:39.409 [info] fatal: not a git repository (or any parent up to mount point /)
Stopping at filesystem boundary (GIT_DISCOVERY_ACROSS_FILESYSTEM not set).
2023-12-08 09:41:33.656 [info] > git rev-parse --show-toplevel [16ms]
2023-12-08 09:41:33.656 [info] fatal: not a git repository (or any parent up to mount point /)
Stopping at filesystem boundary (GIT_DISCOVERY_ACROSS_FILESYSTEM not set).
2023-12-08 09:41:40.793 [info] > git rev-parse --show-toplevel [5ms]
2023-12-08 09:41:40.793 [info] fatal: not a git repository (or any parent up to mount point /)
Stopping at filesystem boundary (GIT_DISCOVERY_ACROSS_FILESYSTEM not set).
2023-12-08 09:43:15.025 [info] > git rev-parse --show-toplevel [6ms]
2023-12-08 09:43:15.025 [info] fatal: not a git repository (or any parent up to mount point /)
Stopping at filesystem boundary (GIT_DISCOVERY_ACROSS_FILESYSTEM not set).
2023-12-08 09:43:16.510 [info] > git rev-parse --show-toplevel [11ms]
2023-12-08 09:43:16.510 [info] fatal: not a git repository (or any parent up to mount point /)
Stopping at filesystem boundary (GIT_DISCOVERY_ACROSS_FILESYSTEM not set).
2023-12-08 09:43:23.579 [info] > git rev-parse --show-toplevel [15ms]
2023-12-08 09:43:23.579 [info] fatal: not a git repository (or any parent up to mount point /)
Stopping at filesystem boundary (GIT_DISCOVERY_ACROSS_FILESYSTEM not set).
2023-12-08 09:45:46.302 [info] > git rev-parse --show-toplevel [8ms]
2023-12-08 09:45:46.302 [info] fatal: not a git repository (or any parent up to mount point /)
Stopping at filesystem boundary (GIT_DISCOVERY_ACROSS_FILESYSTEM not set).
2023-12-08 09:47:04.935 [info] > git rev-parse --show-toplevel [14ms]
2023-12-08 09:47:04.935 [info] fatal: not a git repository (or any parent up to mount point /)
Stopping at filesystem boundary (GIT_DISCOVERY_ACROSS_FILESYSTEM not set).
2023-12-08 09:47:08.046 [info] > git rev-parse --show-toplevel [7ms]
2023-12-08 09:47:08.047 [info] fatal: not a git repository (or any parent up to mount point /)
Stopping at filesystem boundary (GIT_DISCOVERY_ACROSS_FILESYSTEM not set).
2023-12-08 09:47:29.994 [info] > git rev-parse --show-toplevel [17ms]
2023-12-08 09:47:29.994 [info] fatal: not a git repository (or any parent up to mount point /)
Stopping at filesystem boundary (GIT_DISCOVERY_ACROSS_FILESYSTEM not set).
2023-12-08 09:47:32.576 [info] > git rev-parse --show-toplevel [6ms]
2023-12-08 09:47:32.576 [info] fatal: not a git repository (or any parent up to mount point /)
Stopping at filesystem boundary (GIT_DISCOVERY_ACROSS_FILESYSTEM not set).
2023-12-08 09:47:45.623 [info] > git rev-parse --show-toplevel [7ms]
2023-12-08 09:47:45.623 [info] fatal: not a git repository (or any parent up to mount point /)
Stopping at filesystem boundary (GIT_DISCOVERY_ACROSS_FILESYSTEM not set).
2023-12-08 09:47:59.657 [info] > git rev-parse --show-toplevel [4ms]
2023-12-08 09:47:59.658 [info] fatal: not a git repository (or any parent up to mount point /)
Stopping at filesystem boundary (GIT_DISCOVERY_ACROSS_FILESYSTEM not set).
2023-12-08 09:48:06.131 [info] > git rev-parse --show-toplevel [8ms]
2023-12-08 09:48:06.131 [info] fatal: not a git repository (or any parent up to mount point /)
Stopping at filesystem boundary (GIT_DISCOVERY_ACROSS_FILESYSTEM not set).
2023-12-08 09:48:17.162 [info] > git rev-parse --show-toplevel [8ms]
2023-12-08 09:48:17.162 [info] fatal: not a git repository (or any parent up to mount point /)
Stopping at filesystem boundary (GIT_DISCOVERY_ACROSS_FILESYSTEM not set).
2023-12-08 09:48:23.177 [info] > git rev-parse --show-toplevel [5ms]
2023-12-08 09:48:23.177 [info] fatal: not a git repository (or any parent up to mount point /)
Stopping at filesystem boundary (GIT_DISCOVERY_ACROSS_FILESYSTEM not set).
2023-12-08 09:49:16.846 [info] > git rev-parse --show-toplevel [8ms]
2023-12-08 09:49:16.846 [info] fatal: not a git repository (or any parent up to mount point /)
Stopping at filesystem boundary (GIT_DISCOVERY_ACROSS_FILESYSTEM not set).
2023-12-08 09:51:22.419 [info] > git rev-parse --show-toplevel [5ms]
2023-12-08 09:51:22.419 [info] fatal: not a git repository (or any parent up to mount point /)
Stopping at filesystem boundary (GIT_DISCOVERY_ACROSS_FILESYSTEM not set).
2023-12-08 09:52:11.194 [info] > git rev-parse --show-toplevel [16ms]
2023-12-08 09:52:11.195 [info] fatal: not a git repository (or any parent up to mount point /)
Stopping at filesystem boundary (GIT_DISCOVERY_ACROSS_FILESYSTEM not set).
2023-12-08 09:52:12.049 [info] > git rev-parse --show-toplevel [8ms]
2023-12-08 09:52:12.049 [info] fatal: not a git repository (or any parent up to mount point /)
Stopping at filesystem boundary (GIT_DISCOVERY_ACROSS_FILESYSTEM not set).
2023-12-08 09:52:15.503 [info] > git rev-parse --show-toplevel [5ms]
2023-12-08 09:52:15.503 [info] fatal: not a git repository (or any parent up to mount point /)
Stopping at filesystem boundary (GIT_DISCOVERY_ACROSS_FILESYSTEM not set).
2023-12-08 09:53:53.791 [info] > git rev-parse --show-toplevel [16ms]
2023-12-08 09:53:53.791 [info] fatal: not a git repository (or any parent up to mount point /)
Stopping at filesystem boundary (GIT_DISCOVERY_ACROSS_FILESYSTEM not set).
2023-12-08 09:53:54.871 [info] > git rev-parse --show-toplevel [6ms]
2023-12-08 09:53:54.871 [info] fatal: not a git repository (or any parent up to mount point /)
Stopping at filesystem boundary (GIT_DISCOVERY_ACROSS_FILESYSTEM not set).
2023-12-08 09:53:58.960 [info] > git rev-parse --show-toplevel [8ms]
2023-12-08 09:53:58.960 [info] fatal: not a git repository (or any parent up to mount point /)
Stopping at filesystem boundary (GIT_DISCOVERY_ACROSS_FILESYSTEM not set).
2023-12-08 09:55:56.558 [info] > git rev-parse --show-toplevel [6ms]
2023-12-08 09:55:56.558 [info] fatal: not a git repository (or any parent up to mount point /)
Stopping at filesystem boundary (GIT_DISCOVERY_ACROSS_FILESYSTEM not set).
2023-12-08 09:57:00.868 [info] > git rev-parse --show-toplevel [15ms]
2023-12-08 09:57:00.868 [info] fatal: not a git repository (or any parent up to mount point /)
Stopping at filesystem boundary (GIT_DISCOVERY_ACROSS_FILESYSTEM not set).
2023-12-08 09:57:14.120 [info] > git rev-parse --show-toplevel [6ms]
2023-12-08 09:57:14.120 [info] fatal: not a git repository (or any parent up to mount point /)
Stopping at filesystem boundary (GIT_DISCOVERY_ACROSS_FILESYSTEM not set).
2023-12-08 09:57:31.418 [info] > git rev-parse --show-toplevel [6ms]
2023-12-08 09:57:31.418 [info] fatal: not a git repository (or any parent up to mount point /)
Stopping at filesystem boundary (GIT_DISCOVERY_ACROSS_FILESYSTEM not set).
2023-12-08 09:57:48.677 [info] > git rev-parse --show-toplevel [5ms]
2023-12-08 09:57:48.677 [info] fatal: not a git repository (or any parent up to mount point /)
Stopping at filesystem boundary (GIT_DISCOVERY_ACROSS_FILESYSTEM not set).
2023-12-08 09:58:03.318 [info] > git rev-parse --show-toplevel [10ms]
2023-12-08 09:58:03.318 [info] fatal: not a git repository (or any parent up to mount point /)
Stopping at filesystem boundary (GIT_DISCOVERY_ACROSS_FILESYSTEM not set).
2023-12-08 09:58:04.951 [info] > git rev-parse --show-toplevel [9ms]
2023-12-08 09:58:04.951 [info] fatal: not a git repository (or any parent up to mount point /)
Stopping at filesystem boundary (GIT_DISCOVERY_ACROSS_FILESYSTEM not set).
2023-12-08 09:58:06.322 [info] > git rev-parse --show-toplevel [8ms]
2023-12-08 09:58:06.322 [info] fatal: not a git repository (or any parent up to mount point /)
Stopping at filesystem boundary (GIT_DISCOVERY_ACROSS_FILESYSTEM not set).
2023-12-08 09:58:10.468 [info] > git rev-parse --show-toplevel [7ms]
2023-12-08 09:58:10.468 [info] fatal: not a git repository (or any parent up to mount point /)
Stopping at filesystem boundary (GIT_DISCOVERY_ACROSS_FILESYSTEM not set).
2023-12-08 09:58:27.780 [info] > git rev-parse --show-toplevel [6ms]
2023-12-08 09:58:27.780 [info] fatal: not a git repository (or any parent up to mount point /)
Stopping at filesystem boundary (GIT_DISCOVERY_ACROSS_FILESYSTEM not set).
2023-12-08 09:59:57.980 [info] > git rev-parse --show-toplevel [5ms]
2023-12-08 09:59:57.980 [info] fatal: not a git repository (or any parent up to mount point /)
Stopping at filesystem boundary (GIT_DISCOVERY_ACROSS_FILESYSTEM not set).
2023-12-08 09:59:59.774 [info] > git rev-parse --show-toplevel [6ms]
2023-12-08 09:59:59.775 [info] fatal: not a git repository (or any parent up to mount point /)
Stopping at filesystem boundary (GIT_DISCOVERY_ACROSS_FILESYSTEM not set).
2023-12-08 10:00:04.251 [info] > git rev-parse --show-toplevel [5ms]
2023-12-08 10:00:04.251 [info] fatal: not a git repository (or any parent up to mount point /)
Stopping at filesystem boundary (GIT_DISCOVERY_ACROSS_FILESYSTEM not set).
2023-12-08 10:01:49.750 [info] > git rev-parse --show-toplevel [6ms]
2023-12-08 10:01:49.750 [info] fatal: not a git repository (or any parent up to mount point /)
Stopping at filesystem boundary (GIT_DISCOVERY_ACROSS_FILESYSTEM not set).
2023-12-08 10:02:54.339 [info] > git rev-parse --show-toplevel [7ms]
2023-12-08 10:02:54.339 [info] fatal: not a git repository (or any parent up to mount point /)
Stopping at filesystem boundary (GIT_DISCOVERY_ACROSS_FILESYSTEM not set).
2023-12-08 10:04:21.410 [info] > git rev-parse --show-toplevel [5ms]
2023-12-08 10:04:21.410 [info] fatal: not a git repository (or any parent up to mount point /)
Stopping at filesystem boundary (GIT_DISCOVERY_ACROSS_FILESYSTEM not set).
2023-12-08 10:04:45.742 [info] > git rev-parse --show-toplevel [14ms]
2023-12-08 10:04:45.742 [info] fatal: not a git repository (or any parent up to mount point /)
Stopping at filesystem boundary (GIT_DISCOVERY_ACROSS_FILESYSTEM not set).
2023-12-08 10:04:46.703 [info] > git rev-parse --show-toplevel [11ms]
2023-12-08 10:04:46.703 [info] fatal: not a git repository (or any parent up to mount point /)
Stopping at filesystem boundary (GIT_DISCOVERY_ACROSS_FILESYSTEM not set).
2023-12-08 10:04:50.054 [info] > git rev-parse --show-toplevel [5ms]
2023-12-08 10:04:50.054 [info] fatal: not a git repository (or any parent up to mount point /)
Stopping at filesystem boundary (GIT_DISCOVERY_ACROSS_FILESYSTEM not set).
2023-12-08 10:05:57.984 [info] > git rev-parse --show-toplevel [17ms]
2023-12-08 10:05:57.984 [info] fatal: not a git repository (or any parent up to mount point /)
Stopping at filesystem boundary (GIT_DISCOVERY_ACROSS_FILESYSTEM not set).
2023-12-08 10:07:37.298 [info] > git rev-parse --show-toplevel [6ms]
2023-12-08 10:07:37.298 [info] fatal: not a git repository (or any parent up to mount point /)
Stopping at filesystem boundary (GIT_DISCOVERY_ACROSS_FILESYSTEM not set).
2023-12-08 10:07:52.095 [info] > git rev-parse --show-toplevel [5ms]
2023-12-08 10:07:52.095 [info] fatal: not a git repository (or any parent up to mount point /)
Stopping at filesystem boundary (GIT_DISCOVERY_ACROSS_FILESYSTEM not set).
2023-12-08 10:08:24.341 [info] > git rev-parse --show-toplevel [5ms]
2023-12-08 10:08:24.341 [info] fatal: not a git repository (or any parent up to mount point /)
Stopping at filesystem boundary (GIT_DISCOVERY_ACROSS_FILESYSTEM not set).
2023-12-08 10:08:27.244 [info] > git rev-parse --show-toplevel [6ms]
2023-12-08 10:08:27.244 [info] fatal: not a git repository (or any parent up to mount point /)
Stopping at filesystem boundary (GIT_DISCOVERY_ACROSS_FILESYSTEM not set).
2023-12-08 10:10:14.420 [info] > git rev-parse --show-toplevel [6ms]
2023-12-08 10:10:14.420 [info] fatal: not a git repository (or any parent up to mount point /)
Stopping at filesystem boundary (GIT_DISCOVERY_ACROSS_FILESYSTEM not set).
2023-12-08 10:10:17.326 [info] > git rev-parse --show-toplevel [7ms]
2023-12-08 10:10:17.326 [info] fatal: not a git repository (or any parent up to mount point /)
Stopping at filesystem boundary (GIT_DISCOVERY_ACROSS_FILESYSTEM not set).
2023-12-08 10:10:21.017 [info] > git rev-parse --show-toplevel [8ms]
2023-12-08 10:10:21.017 [info] fatal: not a git repository (or any parent up to mount point /)
Stopping at filesystem boundary (GIT_DISCOVERY_ACROSS_FILESYSTEM not set).
2023-12-08 10:10:26.630 [info] > git rev-parse --show-toplevel [12ms]
2023-12-08 10:10:26.630 [info] fatal: not a git repository (or any parent up to mount point /)
Stopping at filesystem boundary (GIT_DISCOVERY_ACROSS_FILESYSTEM not set).
2023-12-08 10:10:29.831 [info] > git rev-parse --show-toplevel [8ms]
2023-12-08 10:10:29.831 [info] fatal: not a git repository (or any parent up to mount point /)
Stopping at filesystem boundary (GIT_DISCOVERY_ACROSS_FILESYSTEM not set).
2023-12-08 10:10:37.723 [info] > git rev-parse --show-toplevel [9ms]
2023-12-08 10:10:37.723 [info] fatal: not a git repository (or any parent up to mount point /)
Stopping at filesystem boundary (GIT_DISCOVERY_ACROSS_FILESYSTEM not set).
2023-12-08 10:10:44.206 [info] > git rev-parse --show-toplevel [8ms]
2023-12-08 10:10:44.206 [info] fatal: not a git repository (or any parent up to mount point /)
Stopping at filesystem boundary (GIT_DISCOVERY_ACROSS_FILESYSTEM not set).
2023-12-08 10:11:30.067 [info] > git rev-parse --show-toplevel [6ms]
2023-12-08 10:11:30.067 [info] fatal: not a git repository (or any parent up to mount point /)
Stopping at filesystem boundary (GIT_DISCOVERY_ACROSS_FILESYSTEM not set).
2023-12-08 10:11:31.302 [info] > git rev-parse --show-toplevel [6ms]
2023-12-08 10:11:31.303 [info] fatal: not a git repository (or any parent up to mount point /)
Stopping at filesystem boundary (GIT_DISCOVERY_ACROSS_FILESYSTEM not set).
2023-12-08 10:11:51.716 [info] > git rev-parse --show-toplevel [7ms]
2023-12-08 10:11:51.716 [info] fatal: not a git repository (or any parent up to mount point /)
Stopping at filesystem boundary (GIT_DISCOVERY_ACROSS_FILESYSTEM not set).
2023-12-08 10:12:30.141 [info] > git rev-parse --show-toplevel [6ms]
2023-12-08 10:12:30.141 [info] fatal: not a git repository (or any parent up to mount point /)
Stopping at filesystem boundary (GIT_DISCOVERY_ACROSS_FILESYSTEM not set).
2023-12-08 10:13:17.405 [info] > git rev-parse --show-toplevel [6ms]
2023-12-08 10:13:17.405 [info] fatal: not a git repository (or any parent up to mount point /)
Stopping at filesystem boundary (GIT_DISCOVERY_ACROSS_FILESYSTEM not set).
2023-12-08 10:13:18.183 [info] > git rev-parse --show-toplevel [5ms]
2023-12-08 10:13:18.184 [info] fatal: not a git repository (or any parent up to mount point /)
Stopping at filesystem boundary (GIT_DISCOVERY_ACROSS_FILESYSTEM not set).
2023-12-08 10:13:38.815 [info] > git rev-parse --show-toplevel [8ms]
2023-12-08 10:13:38.815 [info] fatal: not a git repository (or any parent up to mount point /)
Stopping at filesystem boundary (GIT_DISCOVERY_ACROSS_FILESYSTEM not set).
2023-12-08 10:13:55.544 [info] > git rev-parse --show-toplevel [6ms]
2023-12-08 10:13:55.544 [info] fatal: not a git repository (or any parent up to mount point /)
Stopping at filesystem boundary (GIT_DISCOVERY_ACROSS_FILESYSTEM not set).
2023-12-08 10:15:15.811 [info] > git rev-parse --show-toplevel [7ms]
2023-12-08 10:15:15.811 [info] fatal: not a git repository (or any parent up to mount point /)
Stopping at filesystem boundary (GIT_DISCOVERY_ACROSS_FILESYSTEM not set).
2023-12-08 10:15:57.944 [info] > git rev-parse --show-toplevel [5ms]
2023-12-08 10:15:57.945 [info] fatal: not a git repository (or any parent up to mount point /)
Stopping at filesystem boundary (GIT_DISCOVERY_ACROSS_FILESYSTEM not set).
2023-12-08 10:16:12.099 [info] > git rev-parse --show-toplevel [9ms]
2023-12-08 10:16:12.099 [info] fatal: not a git repository (or any parent up to mount point /)
Stopping at filesystem boundary (GIT_DISCOVERY_ACROSS_FILESYSTEM not set).
2023-12-08 10:16:23.468 [info] > git rev-parse --show-toplevel [7ms]
2023-12-08 10:16:23.468 [info] fatal: not a git repository (or any parent up to mount point /)
Stopping at filesystem boundary (GIT_DISCOVERY_ACROSS_FILESYSTEM not set).
2023-12-08 10:16:25.289 [info] > git rev-parse --show-toplevel [10ms]
2023-12-08 10:16:25.289 [info] fatal: not a git repository (or any parent up to mount point /)
Stopping at filesystem boundary (GIT_DISCOVERY_ACROSS_FILESYSTEM not set).
2023-12-08 10:16:27.015 [info] > git rev-parse --show-toplevel [6ms]
2023-12-08 10:16:27.015 [info] fatal: not a git repository (or any parent up to mount point /)
Stopping at filesystem boundary (GIT_DISCOVERY_ACROSS_FILESYSTEM not set).
2023-12-08 10:16:31.020 [info] > git rev-parse --show-toplevel [7ms]
2023-12-08 10:16:31.020 [info] fatal: not a git repository (or any parent up to mount point /)
Stopping at filesystem boundary (GIT_DISCOVERY_ACROSS_FILESYSTEM not set).
2023-12-08 10:16:36.068 [info] > git rev-parse --show-toplevel [6ms]
2023-12-08 10:16:36.068 [info] fatal: not a git repository (or any parent up to mount point /)
Stopping at filesystem boundary (GIT_DISCOVERY_ACROSS_FILESYSTEM not set).
2023-12-08 10:16:38.872 [info] > git rev-parse --show-toplevel [9ms]
2023-12-08 10:16:38.872 [info] fatal: not a git repository (or any parent up to mount point /)
Stopping at filesystem boundary (GIT_DISCOVERY_ACROSS_FILESYSTEM not set).
2023-12-08 10:16:42.411 [info] > git rev-parse --show-toplevel [6ms]
2023-12-08 10:16:42.411 [info] fatal: not a git repository (or any parent up to mount point /)
Stopping at filesystem boundary (GIT_DISCOVERY_ACROSS_FILESYSTEM not set).
2023-12-08 10:16:57.622 [info] > git rev-parse --show-toplevel [10ms]
2023-12-08 10:16:57.622 [info] fatal: not a git repository (or any parent up to mount point /)
Stopping at filesystem boundary (GIT_DISCOVERY_ACROSS_FILESYSTEM not set).
2023-12-08 10:17:13.529 [info] > git rev-parse --show-toplevel [8ms]
2023-12-08 10:17:13.530 [info] fatal: not a git repository (or any parent up to mount point /)
Stopping at filesystem boundary (GIT_DISCOVERY_ACROSS_FILESYSTEM not set).
2023-12-08 10:18:55.921 [info] > git rev-parse --show-toplevel [8ms]
2023-12-08 10:18:55.921 [info] fatal: not a git repository (or any parent up to mount point /)
Stopping at filesystem boundary (GIT_DISCOVERY_ACROSS_FILESYSTEM not set).
2023-12-08 10:19:00.290 [info] > git rev-parse --show-toplevel [8ms]
2023-12-08 10:19:00.290 [info] fatal: not a git repository (or any parent up to mount point /)
Stopping at filesystem boundary (GIT_DISCOVERY_ACROSS_FILESYSTEM not set).
2023-12-08 10:19:53.127 [info] > git rev-parse --show-toplevel [9ms]
2023-12-08 10:19:53.127 [info] fatal: not a git repository (or any parent up to mount point /)
Stopping at filesystem boundary (GIT_DISCOVERY_ACROSS_FILESYSTEM not set).
2023-12-08 10:20:32.592 [info] > git rev-parse --show-toplevel [5ms]
2023-12-08 10:20:32.592 [info] fatal: not a git repository (or any parent up to mount point /)
Stopping at filesystem boundary (GIT_DISCOVERY_ACROSS_FILESYSTEM not set).
2023-12-08 10:28:56.985 [info] > git rev-parse --show-toplevel [8ms]
2023-12-08 10:28:56.985 [info] fatal: not a git repository (or any parent up to mount point /)
Stopping at filesystem boundary (GIT_DISCOVERY_ACROSS_FILESYSTEM not set).
2023-12-08 10:43:41.942 [info] > git rev-parse --show-toplevel [3ms]
2023-12-08 10:43:41.942 [info] fatal: not a git repository (or any parent up to mount point /)
Stopping at filesystem boundary (GIT_DISCOVERY_ACROSS_FILESYSTEM not set).
2023-12-08 11:02:36.134 [info] > git rev-parse --show-toplevel [11ms]
2023-12-08 11:02:36.134 [info] fatal: not a git repository (or any parent up to mount point /)
Stopping at filesystem boundary (GIT_DISCOVERY_ACROSS_FILESYSTEM not set).
2023-12-08 11:03:38.349 [info] > git rev-parse --show-toplevel [9ms]
2023-12-08 11:03:38.349 [info] fatal: not a git repository (or any parent up to mount point /)
Stopping at filesystem boundary (GIT_DISCOVERY_ACROSS_FILESYSTEM not set).
2023-12-08 11:04:14.677 [info] > git rev-parse --show-toplevel [4ms]
2023-12-08 11:04:14.677 [info] fatal: not a git repository (or any parent up to mount point /)
Stopping at filesystem boundary (GIT_DISCOVERY_ACROSS_FILESYSTEM not set).
2023-12-08 11:04:59.113 [info] > git rev-parse --show-toplevel [8ms]
2023-12-08 11:04:59.113 [info] fatal: not a git repository (or any parent up to mount point /)
Stopping at filesystem boundary (GIT_DISCOVERY_ACROSS_FILESYSTEM not set).
2023-12-08 11:05:11.286 [info] > git rev-parse --show-toplevel [10ms]
2023-12-08 11:05:11.286 [info] fatal: not a git repository (or any parent up to mount point /)
Stopping at filesystem boundary (GIT_DISCOVERY_ACROSS_FILESYSTEM not set).
2023-12-08 11:06:27.237 [info] > git rev-parse --show-toplevel [9ms]
2023-12-08 11:06:27.237 [info] fatal: not a git repository (or any parent up to mount point /)
Stopping at filesystem boundary (GIT_DISCOVERY_ACROSS_FILESYSTEM not set).
2023-12-08 11:07:29.137 [info] > git rev-parse --show-toplevel [6ms]
2023-12-08 11:07:29.137 [info] fatal: not a git repository (or any parent up to mount point /)
Stopping at filesystem boundary (GIT_DISCOVERY_ACROSS_FILESYSTEM not set).
2023-12-08 11:09:14.753 [info] > git rev-parse --show-toplevel [7ms]
2023-12-08 11:09:14.753 [info] fatal: not a git repository (or any parent up to mount point /)
Stopping at filesystem boundary (GIT_DISCOVERY_ACROSS_FILESYSTEM not set).
2023-12-08 11:10:10.295 [info] > git rev-parse --show-toplevel [5ms]
2023-12-08 11:10:10.295 [info] fatal: not a git repository (or any parent up to mount point /)
Stopping at filesystem boundary (GIT_DISCOVERY_ACROSS_FILESYSTEM not set).
2023-12-08 11:10:15.091 [info] > git rev-parse --show-toplevel [7ms]
2023-12-08 11:10:15.091 [info] fatal: not a git repository (or any parent up to mount point /)
Stopping at filesystem boundary (GIT_DISCOVERY_ACROSS_FILESYSTEM not set).
2023-12-08 11:10:21.608 [info] > git rev-parse --show-toplevel [4ms]
2023-12-08 11:10:21.608 [info] fatal: not a git repository (or any parent up to mount point /)
Stopping at filesystem boundary (GIT_DISCOVERY_ACROSS_FILESYSTEM not set).
