*
* Visual Studio Code Server
*
* By using the software, you agree to
* the Visual Studio Code Server License Terms (https://aka.ms/vscode-server-license) and
* the Microsoft Privacy Statement (https://privacy.microsoft.com/en-US/privacystatement).
*
Server bound to 127.0.0.1:34681 (IPv4)
Extension host agent listening on 34681

[06:47:44] 




[06:47:44] Extension host agent started.
[06:47:45] [127.0.0.1][be67ff52][ManagementConnection] New connection established.
[06:47:45] [127.0.0.1][40ec734b][ExtensionHostConnection] New connection established.
[06:47:45] [127.0.0.1][40ec734b][ExtensionHostConnection] <870> Launched Extension Host Process.
rejected promise not handled within 1 second: CodeExpectedError: Could not find pty on pty host
stack trace: CodeExpectedError: Could not find pty on pty host
    at L.U (/root/.vscode-server/bin/1a5daa3a0231a0fbba4f14db7ec463cf99d7768e/out/vs/platform/terminal/node/ptyHostMain.js:43:32314)
    at L.updateTitle (/root/.vscode-server/bin/1a5daa3a0231a0fbba4f14db7ec463cf99d7768e/out/vs/platform/terminal/node/ptyHostMain.js:43:27475)
    at W.<computed> (/root/.vscode-server/bin/1a5daa3a0231a0fbba4f14db7ec463cf99d7768e/out/vs/platform/terminal/node/ptyHostMain.js:43:22722)
    at Object.call (/root/.vscode-server/bin/1a5daa3a0231a0fbba4f14db7ec463cf99d7768e/out/vs/platform/terminal/node/ptyHostMain.js:34:5005)
    at c.s (/root/.vscode-server/bin/1a5daa3a0231a0fbba4f14db7ec463cf99d7768e/out/vs/platform/terminal/node/ptyHostMain.js:32:5118)
    at c.q (/root/.vscode-server/bin/1a5daa3a0231a0fbba4f14db7ec463cf99d7768e/out/vs/platform/terminal/node/ptyHostMain.js:32:4641)
    at g.value (/root/.vscode-server/bin/1a5daa3a0231a0fbba4f14db7ec463cf99d7768e/out/vs/platform/terminal/node/ptyHostMain.js:32:4052)
    at r.y (/root/.vscode-server/bin/1a5daa3a0231a0fbba4f14db7ec463cf99d7768e/out/vs/platform/terminal/node/ptyHostMain.js:27:1902)
    at r.fire (/root/.vscode-server/bin/1a5daa3a0231a0fbba4f14db7ec463cf99d7768e/out/vs/platform/terminal/node/ptyHostMain.js:27:2119)
    at process.le (/root/.vscode-server/bin/1a5daa3a0231a0fbba4f14db7ec463cf99d7768e/out/vs/platform/terminal/node/ptyHostMain.js:25:9948)
    at process.emit (node:events:513:28)
    at emit (node:internal/child_process:937:14)
    at process.processTicksAndRejections (node:internal/process/task_queues:83:21)
[06:47:49] Error [CodeExpectedError]: Could not find pty on pty host
    at L.U (/root/.vscode-server/bin/1a5daa3a0231a0fbba4f14db7ec463cf99d7768e/out/vs/platform/terminal/node/ptyHostMain.js:43:32314)
    at L.updateTitle (/root/.vscode-server/bin/1a5daa3a0231a0fbba4f14db7ec463cf99d7768e/out/vs/platform/terminal/node/ptyHostMain.js:43:27475)
    at W.<computed> (/root/.vscode-server/bin/1a5daa3a0231a0fbba4f14db7ec463cf99d7768e/out/vs/platform/terminal/node/ptyHostMain.js:43:22722)
    at Object.call (/root/.vscode-server/bin/1a5daa3a0231a0fbba4f14db7ec463cf99d7768e/out/vs/platform/terminal/node/ptyHostMain.js:34:5005)
    at c.s (/root/.vscode-server/bin/1a5daa3a0231a0fbba4f14db7ec463cf99d7768e/out/vs/platform/terminal/node/ptyHostMain.js:32:5118)
    at c.q (/root/.vscode-server/bin/1a5daa3a0231a0fbba4f14db7ec463cf99d7768e/out/vs/platform/terminal/node/ptyHostMain.js:32:4641)
    at g.value (/root/.vscode-server/bin/1a5daa3a0231a0fbba4f14db7ec463cf99d7768e/out/vs/platform/terminal/node/ptyHostMain.js:32:4052)
    at r.y (/root/.vscode-server/bin/1a5daa3a0231a0fbba4f14db7ec463cf99d7768e/out/vs/platform/terminal/node/ptyHostMain.js:27:1902)
    at r.fire (/root/.vscode-server/bin/1a5daa3a0231a0fbba4f14db7ec463cf99d7768e/out/vs/platform/terminal/node/ptyHostMain.js:27:2119)
    at process.le (/root/.vscode-server/bin/1a5daa3a0231a0fbba4f14db7ec463cf99d7768e/out/vs/platform/terminal/node/ptyHostMain.js:25:9948)
    at process.emit (node:events:513:28)
    at emit (node:internal/child_process:937:14)
    at process.processTicksAndRejections (node:internal/process/task_queues:83:21)
[06:49:46] [127.0.0.1][be67ff52][ManagementConnection] The client has disconnected gracefully, so the connection will be disposed.
[06:49:46] [127.0.0.1][40ec734b][ExtensionHostConnection] <870> Extension Host Process exited with code: 0, signal: null.
Cancelling previous shutdown timeout
[06:49:46] Cancelling previous shutdown timeout
Last EH closed, waiting before shutting down
[06:49:46] Last EH closed, waiting before shutting down
