*
* Visual Studio Code Server
*
* By using the software, you agree to
* the Visual Studio Code Server License Terms (https://aka.ms/vscode-server-license) and
* the Microsoft Privacy Statement (https://privacy.microsoft.com/en-US/privacystatement).
*
Server bound to 127.0.0.1:41457 (IPv4)
Extension host agent listening on 41457

[06:01:57] 




[06:01:57] Extension host agent started.
[06:01:58] [127.0.0.1][e7aaadcb][ManagementConnection] New connection established.
[06:01:58] [127.0.0.1][6c304465][ExtensionHostConnection] New connection established.
[06:01:58] [127.0.0.1][6c304465][ExtensionHostConnection] <870> Launched Extension Host Process.
rejected promise not handled within 1 second: CodeExpectedError: Could not find pty on pty host
stack trace: CodeExpectedError: Could not find pty on pty host
    at A.U (/root/.vscode-server/bin/af28b32d7e553898b2a91af498b1fb666fdebe0c/out/vs/platform/terminal/node/ptyHostMain.js:43:32377)
    at A.updateTitle (/root/.vscode-server/bin/af28b32d7e553898b2a91af498b1fb666fdebe0c/out/vs/platform/terminal/node/ptyHostMain.js:43:27509)
    at T.<computed> (/root/.vscode-server/bin/af28b32d7e553898b2a91af498b1fb666fdebe0c/out/vs/platform/terminal/node/ptyHostMain.js:43:22735)
    at Object.call (/root/.vscode-server/bin/af28b32d7e553898b2a91af498b1fb666fdebe0c/out/vs/platform/terminal/node/ptyHostMain.js:34:5041)
    at g.s (/root/.vscode-server/bin/af28b32d7e553898b2a91af498b1fb666fdebe0c/out/vs/platform/terminal/node/ptyHostMain.js:32:5153)
    at g.q (/root/.vscode-server/bin/af28b32d7e553898b2a91af498b1fb666fdebe0c/out/vs/platform/terminal/node/ptyHostMain.js:32:4662)
    at a.value (/root/.vscode-server/bin/af28b32d7e553898b2a91af498b1fb666fdebe0c/out/vs/platform/terminal/node/ptyHostMain.js:32:4064)
    at i.y (/root/.vscode-server/bin/af28b32d7e553898b2a91af498b1fb666fdebe0c/out/vs/platform/terminal/node/ptyHostMain.js:27:1906)
    at i.fire (/root/.vscode-server/bin/af28b32d7e553898b2a91af498b1fb666fdebe0c/out/vs/platform/terminal/node/ptyHostMain.js:27:2123)
    at process.ce (/root/.vscode-server/bin/af28b32d7e553898b2a91af498b1fb666fdebe0c/out/vs/platform/terminal/node/ptyHostMain.js:25:10117)
    at process.emit (node:events:513:28)
    at emit (node:internal/child_process:937:14)
    at process.processTicksAndRejections (node:internal/process/task_queues:83:21)
[06:02:01] Error [CodeExpectedError]: Could not find pty on pty host
    at A.U (/root/.vscode-server/bin/af28b32d7e553898b2a91af498b1fb666fdebe0c/out/vs/platform/terminal/node/ptyHostMain.js:43:32377)
    at A.updateTitle (/root/.vscode-server/bin/af28b32d7e553898b2a91af498b1fb666fdebe0c/out/vs/platform/terminal/node/ptyHostMain.js:43:27509)
    at T.<computed> (/root/.vscode-server/bin/af28b32d7e553898b2a91af498b1fb666fdebe0c/out/vs/platform/terminal/node/ptyHostMain.js:43:22735)
    at Object.call (/root/.vscode-server/bin/af28b32d7e553898b2a91af498b1fb666fdebe0c/out/vs/platform/terminal/node/ptyHostMain.js:34:5041)
    at g.s (/root/.vscode-server/bin/af28b32d7e553898b2a91af498b1fb666fdebe0c/out/vs/platform/terminal/node/ptyHostMain.js:32:5153)
    at g.q (/root/.vscode-server/bin/af28b32d7e553898b2a91af498b1fb666fdebe0c/out/vs/platform/terminal/node/ptyHostMain.js:32:4662)
    at a.value (/root/.vscode-server/bin/af28b32d7e553898b2a91af498b1fb666fdebe0c/out/vs/platform/terminal/node/ptyHostMain.js:32:4064)
    at i.y (/root/.vscode-server/bin/af28b32d7e553898b2a91af498b1fb666fdebe0c/out/vs/platform/terminal/node/ptyHostMain.js:27:1906)
    at i.fire (/root/.vscode-server/bin/af28b32d7e553898b2a91af498b1fb666fdebe0c/out/vs/platform/terminal/node/ptyHostMain.js:27:2123)
    at process.ce (/root/.vscode-server/bin/af28b32d7e553898b2a91af498b1fb666fdebe0c/out/vs/platform/terminal/node/ptyHostMain.js:25:10117)
    at process.emit (node:events:513:28)
    at emit (node:internal/child_process:937:14)
    at process.processTicksAndRejections (node:internal/process/task_queues:83:21)
[06:02:12] [127.0.0.1][e7aaadcb][ManagementConnection] The client has disconnected gracefully, so the connection will be disposed.
[06:02:12] [127.0.0.1][6c304465][ExtensionHostConnection] <870> Extension Host Process exited with code: 0, signal: null.
Cancelling previous shutdown timeout
[06:02:12] Cancelling previous shutdown timeout
Last EH closed, waiting before shutting down
[06:02:12] Last EH closed, waiting before shutting down
Got delay-shutdown request while in shutdown timeout, delaying
[06:02:17] Got delay-shutdown request while in shutdown timeout, delaying
Cancelling previous shutdown timeout
[06:02:17] Cancelling previous shutdown timeout
[06:02:17] [127.0.0.1][5b605bed][ManagementConnection] New connection established.
[06:02:17] [127.0.0.1][47360819][ExtensionHostConnection] New connection established.
[06:02:17] [127.0.0.1][47360819][ExtensionHostConnection] <1010> Launched Extension Host Process.
rejected promise not handled within 1 second: CodeExpectedError: Could not find pty on pty host
stack trace: CodeExpectedError: Could not find pty on pty host
    at A.U (/root/.vscode-server/bin/af28b32d7e553898b2a91af498b1fb666fdebe0c/out/vs/platform/terminal/node/ptyHostMain.js:43:32377)
    at A.updateTitle (/root/.vscode-server/bin/af28b32d7e553898b2a91af498b1fb666fdebe0c/out/vs/platform/terminal/node/ptyHostMain.js:43:27509)
    at T.<computed> (/root/.vscode-server/bin/af28b32d7e553898b2a91af498b1fb666fdebe0c/out/vs/platform/terminal/node/ptyHostMain.js:43:22735)
    at Object.call (/root/.vscode-server/bin/af28b32d7e553898b2a91af498b1fb666fdebe0c/out/vs/platform/terminal/node/ptyHostMain.js:34:5041)
    at g.s (/root/.vscode-server/bin/af28b32d7e553898b2a91af498b1fb666fdebe0c/out/vs/platform/terminal/node/ptyHostMain.js:32:5153)
    at g.q (/root/.vscode-server/bin/af28b32d7e553898b2a91af498b1fb666fdebe0c/out/vs/platform/terminal/node/ptyHostMain.js:32:4662)
    at a.value (/root/.vscode-server/bin/af28b32d7e553898b2a91af498b1fb666fdebe0c/out/vs/platform/terminal/node/ptyHostMain.js:32:4064)
    at i.y (/root/.vscode-server/bin/af28b32d7e553898b2a91af498b1fb666fdebe0c/out/vs/platform/terminal/node/ptyHostMain.js:27:1906)
    at i.fire (/root/.vscode-server/bin/af28b32d7e553898b2a91af498b1fb666fdebe0c/out/vs/platform/terminal/node/ptyHostMain.js:27:2123)
    at process.ce (/root/.vscode-server/bin/af28b32d7e553898b2a91af498b1fb666fdebe0c/out/vs/platform/terminal/node/ptyHostMain.js:25:10117)
    at process.emit (node:events:513:28)
    at emit (node:internal/child_process:937:14)
    at process.processTicksAndRejections (node:internal/process/task_queues:83:21)
[06:02:21] Error [CodeExpectedError]: Could not find pty on pty host
    at A.U (/root/.vscode-server/bin/af28b32d7e553898b2a91af498b1fb666fdebe0c/out/vs/platform/terminal/node/ptyHostMain.js:43:32377)
    at A.updateTitle (/root/.vscode-server/bin/af28b32d7e553898b2a91af498b1fb666fdebe0c/out/vs/platform/terminal/node/ptyHostMain.js:43:27509)
    at T.<computed> (/root/.vscode-server/bin/af28b32d7e553898b2a91af498b1fb666fdebe0c/out/vs/platform/terminal/node/ptyHostMain.js:43:22735)
    at Object.call (/root/.vscode-server/bin/af28b32d7e553898b2a91af498b1fb666fdebe0c/out/vs/platform/terminal/node/ptyHostMain.js:34:5041)
    at g.s (/root/.vscode-server/bin/af28b32d7e553898b2a91af498b1fb666fdebe0c/out/vs/platform/terminal/node/ptyHostMain.js:32:5153)
    at g.q (/root/.vscode-server/bin/af28b32d7e553898b2a91af498b1fb666fdebe0c/out/vs/platform/terminal/node/ptyHostMain.js:32:4662)
    at a.value (/root/.vscode-server/bin/af28b32d7e553898b2a91af498b1fb666fdebe0c/out/vs/platform/terminal/node/ptyHostMain.js:32:4064)
    at i.y (/root/.vscode-server/bin/af28b32d7e553898b2a91af498b1fb666fdebe0c/out/vs/platform/terminal/node/ptyHostMain.js:27:1906)
    at i.fire (/root/.vscode-server/bin/af28b32d7e553898b2a91af498b1fb666fdebe0c/out/vs/platform/terminal/node/ptyHostMain.js:27:2123)
    at process.ce (/root/.vscode-server/bin/af28b32d7e553898b2a91af498b1fb666fdebe0c/out/vs/platform/terminal/node/ptyHostMain.js:25:10117)
    at process.emit (node:events:513:28)
    at emit (node:internal/child_process:937:14)
    at process.processTicksAndRejections (node:internal/process/task_queues:83:21)
New EH opened, aborting shutdown
[06:07:17] New EH opened, aborting shutdown
[06:09:40] [127.0.0.1][5b605bed][ManagementConnection] The client has disconnected gracefully, so the connection will be disposed.
[06:09:40] [127.0.0.1][47360819][ExtensionHostConnection] <1010> Extension Host Process exited with code: 0, signal: null.
Last EH closed, waiting before shutting down
[06:09:40] Last EH closed, waiting before shutting down
